********************************************************************************
product = Open Liberty 22.0.0.2 (wlp-1.0.61.cl220220220201-1901)
wlp.install.dir = /home/bitnami/team-rice-pudding/positivityjar/target/liberty/wlp/
java.home = /usr/lib/jvm/java-11-openjdk-amd64
java.version = 11.0.14
java.runtime = OpenJDK Runtime Environment (11.0.14+9-post-Debian-1deb10u1)
os = Linux (4.19.0-18-cloud-amd64; amd64) (en_US)
process = 20780@ip-172-26-3-241
********************************************************************************
[3/14/22, 16:45:23:436 UTC] 00000001 com.ibm.ws.kernel.launch.internal.FrameworkManager           A CWWKE0001I: The server defaultServer has been launched.
[3/14/22, 16:45:25:690 UTC] 00000001 com.ibm.ws.kernel.launch.internal.FrameworkManager           I CWWKE0002I: The kernel started after 2.748 seconds
[3/14/22, 16:45:25:754 UTC] 0000001e com.ibm.ws.kernel.feature.internal.FeatureManager            I CWWKF0007I: Feature update started.
[3/14/22, 16:45:26:875 UTC] 00000015 com.ibm.ws.security.ready.internal.SecurityReadyServiceImpl  I CWWKS0007I: The security service is starting...
[3/14/22, 16:45:27:690 UTC] 00000015 com.ibm.ws.app.manager.internal.monitor.DropinMonitor        A CWWKZ0058I: Monitoring dropins for applications.
[3/14/22, 16:45:28:513 UTC] 00000015 com.ibm.ws.cache.ServerCache                                 I DYNA1001I: WebSphere Dynamic Cache instance named baseCache initialized successfully.
[3/14/22, 16:45:28:515 UTC] 00000015 com.ibm.ws.cache.ServerCache                                 I DYNA1071I: The cache provider default is being used.
[3/14/22, 16:45:28:520 UTC] 00000015 com.ibm.ws.cache.CacheServiceImpl                            I DYNA1056I: Dynamic Cache (object cache) initialized successfully.
[3/14/22, 16:45:31:768 UTC] 00000015 com.ibm.ws.sib.utils.ras.SibMessage                          I  CWSID0108I: JMS server has started.  
[3/14/22, 16:45:31:866 UTC] 00000015 cxf.cxf.core.3.2.jakarta:1.0.61.cl220220220201-1901(id=278)] I Aries Blueprint packages not available. So namespaces will not be registered
[3/14/22, 16:45:32:204 UTC] 00000015 rty.security.mp.jwt.v12.config.impl.MpConfigProxyServiceImpl I CWWKS5780I: The MicroProfile JWT version 1.2 mpConfigProxy processed successfully.
[3/14/22, 16:45:32:207 UTC] 00000015 .ws.security.mp.jwt.v11.config.impl.MpConfigProxyServiceImpl I CWWKS5775I: The MicroProfile JWT version 1.1 mpConfigProxy processed successfully.
[3/14/22, 16:45:33:050 UTC] 00000018 com.ibm.ws.ssl.config.WSKeyStore                             A CWPKI0820A: The default keystore has been created using the 'keystore_password' environment variable.
[3/14/22, 16:45:33:138 UTC] 00000021 com.ibm.ws.security.token.ltpa.internal.LTPAKeyCreateTask    I CWWKS4105I: LTPA configuration is ready after 0.080 seconds.
[3/14/22, 16:45:33:182 UTC] 00000015 ibm.ws.security.authentication.internal.jaas.JAASServiceImpl I CWWKS1123I: The collective authentication plugin with class name NullCollectiveAuthenticationPlugin has been activated. 
[3/14/22, 16:45:33:974 UTC] 00000018 com.ibm.ws.ssl.config.WSKeyStore                             I Successfully loaded default keystore: /home/bitnami/team-rice-pudding/positivityjar/target/liberty/wlp/usr/servers/defaultServer/resources/security/key.p12 of type: PKCS12
[3/14/22, 16:45:34:046 UTC] 00000018 com.ibm.ws.security.mp.jwt.impl.MicroProfileJwtServiceImpl   I CWWKS5500I: The MicroProfile JWT configuration [MicroProfileJwtService] was successfully processed.
[3/14/22, 16:45:34:059 UTC] 00000018 com.ibm.ws.security.mp.jwt.impl.MicroProfileJwtConfigImpl    I CWWKS5500I: The MicroProfile JWT configuration [defaultMpJwt] was successfully processed.
[3/14/22, 16:45:34:068 UTC] 00000015 com.ibm.ws.security.jaspi.AuthConfigFactoryWrapper           I CWWKS1655I: The default Java Authentication SPI for Containers (JASPIC) AuthConfigFactory class com.ibm.ws.security.jaspi.ProviderRegistry is being used because the Java security property authconfigprovider.factory is not set. 
[3/14/22, 16:45:34:155 UTC] 00000015 com.ibm.ws.security.jwt.internal.ConsumerImpl                I CWWKS6012I: The JSON Web Token (JWT) consumer service is available.
[3/14/22, 16:45:34:225 UTC] 00000015 com.ibm.ws.security.jwt.web.JwtEndpointServices              I CWWKS6002I: The JSON Web Token (JWT) endpoint service is available.
[3/14/22, 16:45:35:205 UTC] 00000015 com.ibm.ws.session.WASSessionCore                            I SESN8501I: The session manager did not find a persistent storage location; HttpSession objects will be stored in the local application server's memory.
[3/14/22, 16:45:35:432 UTC] 00000015 .microprofile.metrics.internal.monitor.MonitorMetricsHandler I CWPMI2003I: Monitoring metrics can be retrieved through mpMetrics.
[3/14/22, 16:45:36:780 UTC] 00000015 cxf.cxf.core.3.2.jakarta:1.0.61.cl220220220201-1901(id=278)] I Adding the extensions from bundle com.ibm.ws.org.apache.cxf.cxf.rt.bindings.soap.3.2.jakarta (276) [org.apache.cxf.binding.soap.SoapBindingFactory, org.apache.cxf.binding.soap.SoapTransportFactory]
[3/14/22, 16:45:36:785 UTC] 00000015 cxf.cxf.core.3.2.jakarta:1.0.61.cl220220220201-1901(id=278)] I Adding the extensions from bundle com.ibm.ws.org.apache.cxf.cxf.rt.bindings.xml.3.2.jakarta (277) [org.apache.cxf.binding.xml.XMLBindingFactory, org.apache.cxf.binding.xml.wsdl11.XMLWSDLExtensionLoader]
[3/14/22, 16:45:36:786 UTC] 00000015 cxf.cxf.core.3.2.jakarta:1.0.61.cl220220220201-1901(id=278)] I Adding the extensions from bundle com.ibm.ws.org.apache.cxf.cxf.core.3.2.jakarta (278) [org.apache.cxf.phase.PhaseManager, org.apache.cxf.workqueue.WorkQueueManager, org.apache.cxf.buslifecycle.BusLifeCycleManager, org.apache.cxf.endpoint.ServerRegistry, org.apache.cxf.endpoint.EndpointResolverRegistry, org.apache.cxf.headers.HeaderManager, org.apache.cxf.service.factory.FactoryBeanListenerManager, org.apache.cxf.endpoint.ServerLifeCycleManager, org.apache.cxf.endpoint.ClientLifeCycleManager, org.apache.cxf.resource.ResourceManager, org.apache.cxf.catalog.OASISCatalogManager, org.apache.cxf.transport.http.HTTPTransportFactory, org.apache.cxf.common.util.ASMHelper, org.apache.cxf.common.spi.ClassLoaderService, org.apache.cxf.transport.http.HTTPConduitFactory, org.apache.cxf.transport.ConduitInitiator]
[3/14/22, 16:45:36:787 UTC] 00000015 cxf.cxf.core.3.2.jakarta:1.0.61.cl220220220201-1901(id=278)] I Adding the extensions from bundle com.ibm.ws.org.apache.cxf.cxf.rt.databinding.jaxb.3.2.jakarta (279) [org.apache.cxf.jaxb.WrapperHelperCreator, org.apache.cxf.jaxb.FactoryClassCreator]
[3/14/22, 16:45:36:788 UTC] 00000015 cxf.cxf.core.3.2.jakarta:1.0.61.cl220220220201-1901(id=278)] I Adding the extensions from bundle com.ibm.ws.org.apache.cxf.cxf.rt.features.logging.3.2 (280) [org.apache.cxf.ext.logging.LoggingFactoryBeanListener, org.apache.cxf.ext.logging.OldLoggingFactoryBeanListener, org.apache.cxf.ext.logging.LoggingBusLifecycleListener]
[3/14/22, 16:45:36:789 UTC] 00000015 cxf.cxf.core.3.2.jakarta:1.0.61.cl220220220201-1901(id=278)] I Adding the extensions from bundle com.ibm.ws.org.apache.cxf.cxf.rt.frontend.jaxws.3.2.jakarta (281) [org.apache.cxf.jaxws.context.WebServiceContextResourceResolver, org.apache.cxf.jaxws.spi.WrapperClassCreator]
[3/14/22, 16:45:36:790 UTC] 00000015 cxf.cxf.core.3.2.jakarta:1.0.61.cl220220220201-1901(id=278)] I Adding the extensions from bundle com.ibm.ws.org.apache.cxf.cxf.rt.frontend.simple.3.2.jakarta (282) [org.apache.cxf.endpoint.dynamic.ExceptionClassCreator]
[3/14/22, 16:45:36:792 UTC] 00000015 cxf.cxf.core.3.2.jakarta:1.0.61.cl220220220201-1901(id=278)] I Adding the extensions from bundle com.ibm.ws.org.apache.cxf.cxf.rt.management.3.2.jakarta (283) [org.apache.cxf.management.InstrumentationManager]
[3/14/22, 16:45:36:793 UTC] 00000015 cxf.cxf.core.3.2.jakarta:1.0.61.cl220220220201-1901(id=278)] I Adding the extensions from bundle com.ibm.ws.org.apache.cxf.cxf.rt.transports.http.3.2.jakarta (284) [org.apache.cxf.transport.http.HTTPTransportFactory, org.apache.cxf.transport.http.HTTPWSDLExtensionLoader, org.apache.cxf.transport.http.policy.HTTPClientAssertionBuilder, org.apache.cxf.transport.http.policy.HTTPServerAssertionBuilder, org.apache.cxf.transport.http.policy.NoOpPolicyInterceptorProvider]
[3/14/22, 16:45:36:794 UTC] 00000015 cxf.cxf.core.3.2.jakarta:1.0.61.cl220220220201-1901(id=278)] I Adding the extensions from bundle com.ibm.ws.org.apache.cxf.cxf.rt.wsdl.3.2.jakarta (286) [org.apache.cxf.wsdl.WSDLManager, org.apache.cxf.wsdl.ExtensionClassCreator]
[3/14/22, 16:45:36:795 UTC] 00000015 cxf.cxf.core.3.2.jakarta:1.0.61.cl220220220201-1901(id=278)] I Adding the extensions from bundle com.ibm.ws.org.apache.cxf.cxf.rt.ws.addr.3.2.jakarta (287) [org.apache.cxf.ws.addressing.policy.AddressingAssertionBuilder, org.apache.cxf.ws.addressing.policy.UsingAddressingAssertionBuilder, org.apache.cxf.ws.addressing.policy.AddressingPolicyInterceptorProvider, org.apache.cxf.ws.addressing.impl.AddressingWSDLExtensionLoader, org.apache.cxf.ws.addressing.WSAddressingFeature$WSAddressingFeatureApplier, org.apache.cxf.ws.addressing.MAPAggregator$MAPAggregatorLoader]
[3/14/22, 16:45:36:795 UTC] 00000015 cxf.cxf.core.3.2.jakarta:1.0.61.cl220220220201-1901(id=278)] I Adding the extensions from bundle com.ibm.ws.org.apache.cxf.cxf.rt.ws.policy.3.2.jakarta (288) [org.apache.cxf.ws.policy.PolicyEngine, org.apache.cxf.policy.PolicyDataEngine, org.apache.cxf.ws.policy.AssertionBuilderRegistry, org.apache.cxf.ws.policy.PolicyInterceptorProviderRegistry, org.apache.cxf.ws.policy.PolicyBuilder, org.apache.cxf.ws.policy.PolicyAnnotationListener, org.apache.cxf.ws.policy.attachment.ServiceModelPolicyProvider, org.apache.cxf.ws.policy.attachment.external.DomainExpressionBuilderRegistry, org.apache.cxf.ws.policy.attachment.external.EndpointReferenceDomainExpressionBuilder, org.apache.cxf.ws.policy.attachment.external.URIDomainExpressionBuilder, org.apache.cxf.ws.policy.attachment.wsdl11.Wsdl11AttachmentPolicyProvider, org.apache.cxf.ws.policy.mtom.MTOMAssertionBuilder, org.apache.cxf.ws.policy.mtom.MTOMPolicyInterceptorProvider]
[3/14/22, 16:45:36:861 UTC] 00000015 cxf.cxf.core.3.2.jakarta:1.0.61.cl220220220201-1901(id=278)] I Aries Blueprint packages not available. So namespaces will not be registered
[3/14/22, 16:45:36:873 UTC] 00000015 cxf.cxf.core.3.2.jakarta:1.0.61.cl220220220201-1901(id=278)] I Aries Blueprint packages not available. So namespaces will not be registered
[3/14/22, 16:45:36:878 UTC] 00000015 cxf.cxf.core.3.2.jakarta:1.0.61.cl220220220201-1901(id=278)] I Aries Blueprint packages not available. So namespaces will not be registered
[3/14/22, 16:45:36:891 UTC] 00000015 cxf.cxf.core.3.2.jakarta:1.0.61.cl220220220201-1901(id=278)] I Aries Blueprint packages not available. So namespaces will not be registered
[3/14/22, 16:45:36:936 UTC] 00000018 org.apache.cxf.ext.logging.osgi.Activator                    I CXF message logging feature disabled
[3/14/22, 16:45:37:064 UTC] 00000015 cxf.cxf.core.3.2.jakarta:1.0.61.cl220220220201-1901(id=278)] W Could not create a secure Stax XMLInputFactory.  Found class com.sun.xml.internal.stream.XMLInputFactoryImpl.  Suggest Woodstox 4.2.0 or newer.
[3/14/22, 16:45:38:910 UTC] 0000001f com.ibm.ws.webcontainer.osgi.webapp.WebGroup                 I SRVE0169I: Loading Web Module: ibm/api.
[3/14/22, 16:45:38:917 UTC] 00000021 com.ibm.ws.webcontainer.osgi.webapp.WebGroup                 I SRVE0169I: Loading Web Module: IBMJMXConnectorREST.
[3/14/22, 16:45:38:920 UTC] 00000021 com.ibm.ws.webcontainer                                      I SRVE0250I: Web Module IBMJMXConnectorREST has been bound to default_host.
[3/14/22, 16:45:38:921 UTC] 0000001f com.ibm.ws.webcontainer                                      I SRVE0250I: Web Module ibm/api has been bound to default_host.
[3/14/22, 16:45:38:926 UTC] 00000021 com.ibm.ws.http.internal.VirtualHostImpl                     A CWWKT0016I: Web application available (default_host): http://localhost:9080/IBMJMXConnectorREST/
[3/14/22, 16:45:38:943 UTC] 00000021 com.ibm.ws.jmx.connector.server.rest.RESTAppListener         I CWWKX0103I: The JMX REST connector is running and is available at the following service URL: service:jmx:rest://localhost:9443/IBMJMXConnectorREST
[3/14/22, 16:45:38:946 UTC] 00000021 com.ibm.ws.jmx.connector.server.rest.RESTAppListener         I CWWKX0103I: The JMX REST connector is running and is available at the following service URL: service:jmx:rest://localhost:9443/IBMJMXConnectorREST
[3/14/22, 16:45:38:948 UTC] 0000001f com.ibm.ws.http.internal.VirtualHostImpl                     A CWWKT0016I: Web application available (default_host): http://localhost:9080/ibm/api/
[3/14/22, 16:45:39:072 UTC] 0000001f com.ibm.ws.webcontainer.osgi.webapp.WebGroup                 I SRVE0169I: Loading Web Module: health.
[3/14/22, 16:45:39:073 UTC] 0000001f com.ibm.ws.webcontainer                                      I SRVE0250I: Web Module health has been bound to default_host.
[3/14/22, 16:45:39:073 UTC] 0000001f com.ibm.ws.http.internal.VirtualHostImpl                     A CWWKT0016I: Web application available (default_host): http://localhost:9080/health/
[3/14/22, 16:45:39:080 UTC] 00000021 com.ibm.ws.webcontainer.osgi.webapp.WebGroup                 I SRVE0169I: Loading Web Module: io.openliberty.security.jwt.internal.
[3/14/22, 16:45:39:082 UTC] 00000021 com.ibm.ws.webcontainer                                      I SRVE0250I: Web Module io.openliberty.security.jwt.internal has been bound to default_host.
[3/14/22, 16:45:39:083 UTC] 00000021 com.ibm.ws.http.internal.VirtualHostImpl                     A CWWKT0016I: Web application available (default_host): http://localhost:9080/jwt/
[3/14/22, 16:45:39:180 UTC] 00000021 com.ibm.ws.webcontainer.osgi.webapp.WebGroup                 I SRVE0169I: Loading Web Module: OpenAPIUI.
[3/14/22, 16:45:39:180 UTC] 00000021 com.ibm.ws.webcontainer                                      I SRVE0250I: Web Module OpenAPIUI has been bound to default_host.
[3/14/22, 16:45:39:180 UTC] 00000021 com.ibm.ws.http.internal.VirtualHostImpl                     A CWWKT0016I: Web application available (default_host): http://localhost:9080/openapi/ui/
[3/14/22, 16:45:39:276 UTC] 00000021 com.ibm.ws.webcontainer.osgi.webapp.WebGroup                 I SRVE0169I: Loading Web Module: PrivateMicroProfileMetrics.
[3/14/22, 16:45:39:276 UTC] 00000021 com.ibm.ws.webcontainer                                      I SRVE0250I: Web Module PrivateMicroProfileMetrics has been bound to default_host.
[3/14/22, 16:45:39:276 UTC] 00000021 com.ibm.ws.http.internal.VirtualHostImpl                     A CWWKT0016I: Web application available (default_host): http://localhost:9080/metrics/
[3/14/22, 16:45:39:305 UTC] 0000001f com.ibm.ws.webcontainer.osgi.webapp.WebGroup                 I SRVE0169I: Loading Web Module: MicroProfileOpenAPI.
[3/14/22, 16:45:39:306 UTC] 0000001f com.ibm.ws.webcontainer                                      I SRVE0250I: Web Module MicroProfileOpenAPI has been bound to default_host.
[3/14/22, 16:45:39:306 UTC] 0000001f com.ibm.ws.http.internal.VirtualHostImpl                     A CWWKT0016I: Web application available (default_host): http://localhost:9080/openapi/
[3/14/22, 16:45:39:322 UTC] 00000021 com.ibm.ws.webcontainer.osgi.webapp.WebGroup                 I SRVE0169I: Loading Web Module: /openapi/platform.
[3/14/22, 16:45:39:322 UTC] 00000021 com.ibm.ws.webcontainer                                      I SRVE0250I: Web Module /openapi/platform has been bound to default_host.
[3/14/22, 16:45:39:323 UTC] 00000021 com.ibm.ws.http.internal.VirtualHostImpl                     A CWWKT0016I: Web application available (default_host): http://localhost:9080/openapi/platform/
[3/14/22, 16:45:39:357 UTC] 0000001f com.ibm.ws.app.manager.AppMessageHelper                      I CWWKZ0018I: Starting application positivityjar.
[3/14/22, 16:45:39:358 UTC] 0000001f bm.ws.app.manager.war.internal.WARDeployedAppInfoFactoryImpl I CWWKZ0134I: The positivityjar application is using the loose application definition at the /home/bitnami/team-rice-pudding/positivityjar/target/liberty/wlp/usr/servers/defaultServer/apps/positivityjar.war.xml location.
[3/14/22, 16:45:39:515 UTC] 00000021 com.ibm.ws.session.WASSessionCore                            I SESN0176I: A new session context will be created for application key default_host/ibm/api
[3/14/22, 16:45:39:771 UTC] 00000020 com.ibm.ws.session.WASSessionCore                            I SESN0176I: A new session context will be created for application key default_host/IBMJMXConnectorREST
[3/14/22, 16:45:39:928 UTC] 00000021 com.ibm.ws.util                                              I SESN0172I: The session manager is using the Java default SecureRandom implementation for session ID generation.
[3/14/22, 16:45:39:962 UTC] 00000020 com.ibm.ws.util                                              I SESN0172I: The session manager is using the Java default SecureRandom implementation for session ID generation.
[3/14/22, 16:45:40:166 UTC] 00000020 org.hibernate.validator.internal.util.Version                I HV000001: Hibernate Validator 7.0.0.Final
[3/14/22, 16:45:41:818 UTC] 0000001f org.jboss.weld.Version                                       I WELD-000900: 4.0.1 (SP1)
[3/14/22, 16:45:42:065 UTC] 00000021 com.ibm.ws.cache.CacheServiceImpl                            I DYNA1056I: Dynamic Cache (object cache) initialized successfully.
[3/14/22, 16:45:42:074 UTC] 00000044 com.ibm.ws.session.WASSessionCore                            I SESN0176I: A new session context will be created for application key default_host/health
[3/14/22, 16:45:42:075 UTC] 00000044 com.ibm.ws.util                                              I SESN0172I: The session manager is using the Java default SecureRandom implementation for session ID generation.
[3/14/22, 16:45:42:149 UTC] 00000020 org.apache.myfaces.ee.MyFacesContainerInitializer            I Using org.apache.myfaces.ee.MyFacesContainerInitializer
[3/14/22, 16:45:42:150 UTC] 00000021 org.apache.myfaces.ee.MyFacesContainerInitializer            I Using org.apache.myfaces.ee.MyFacesContainerInitializer
[3/14/22, 16:45:42:351 UTC] 00000044 org.apache.myfaces.ee.MyFacesContainerInitializer            I Using org.apache.myfaces.ee.MyFacesContainerInitializer
[3/14/22, 16:45:42:716 UTC] 00000044 com.ibm.ws.webcontainer.servlet                              I SRVE0242I: [io.openliberty.microprofile.health.3.1.internal.jakarta] [/health] [HealthCheckReadinessServlet]: Initialization successful.
[3/14/22, 16:45:42:728 UTC] 00000044 com.ibm.ws.webcontainer.servlet                              I SRVE0242I: [io.openliberty.microprofile.health.3.1.internal.jakarta] [/health] [HealthCheckServlet]: Initialization successful.
[3/14/22, 16:45:42:737 UTC] 00000020 com.ibm.ws.webcontainer.servlet                              I SRVE0242I: [com.ibm.ws.jmx.connector.server.rest.jakarta] [/IBMJMXConnectorREST] [JMXRESTProxyServlet]: Initialization successful.
[3/14/22, 16:45:42:738 UTC] 00000044 com.ibm.ws.webcontainer.servlet                              I SRVE0242I: [io.openliberty.microprofile.health.3.1.internal.jakarta] [/health] [HealthCheckStartupServlet]: Initialization successful.
[3/14/22, 16:45:42:746 UTC] 00000044 com.ibm.ws.webcontainer.servlet                              I SRVE0242I: [io.openliberty.microprofile.health.3.1.internal.jakarta] [/health] [HealthCheckLivenessServlet]: Initialization successful.
[3/14/22, 16:45:42:785 UTC] 00000045 com.ibm.ws.session.WASSessionCore                            I SESN0176I: A new session context will be created for application key default_host/jwt
[3/14/22, 16:45:42:789 UTC] 00000045 com.ibm.ws.util                                              I SESN0172I: The session manager is using the Java default SecureRandom implementation for session ID generation.
[3/14/22, 16:45:42:802 UTC] 00000044 com.ibm.ws.session.WASSessionCore                            I SESN0176I: A new session context will be created for application key default_host/openapi/ui
[3/14/22, 16:45:42:802 UTC] 00000044 com.ibm.ws.util                                              I SESN0172I: The session manager is using the Java default SecureRandom implementation for session ID generation.
[3/14/22, 16:45:42:868 UTC] 00000044 org.apache.myfaces.ee.MyFacesContainerInitializer            I Using org.apache.myfaces.ee.MyFacesContainerInitializer
[3/14/22, 16:45:42:913 UTC] 00000045 org.apache.myfaces.ee.MyFacesContainerInitializer            I Using org.apache.myfaces.ee.MyFacesContainerInitializer
[3/14/22, 16:45:43:010 UTC] 00000044 com.ibm.ws.session.WASSessionCore                            I SESN0176I: A new session context will be created for application key default_host/metrics
[3/14/22, 16:45:43:011 UTC] 00000044 com.ibm.ws.util                                              I SESN0172I: The session manager is using the Java default SecureRandom implementation for session ID generation.
[3/14/22, 16:45:43:118 UTC] 00000044 org.apache.myfaces.ee.MyFacesContainerInitializer            I Using org.apache.myfaces.ee.MyFacesContainerInitializer
[3/14/22, 16:45:43:127 UTC] 00000043 com.ibm.ws.webcontainer.osgi.mbeans.PluginGenerator          I SRVE9103I: A configuration file for a web server plugin was automatically generated for this server at /home/bitnami/team-rice-pudding/positivityjar/target/liberty/wlp/usr/servers/defaultServer/logs/state/plugin-cfg.xml.
[3/14/22, 16:45:43:167 UTC] 00000044 com.ibm.ws.webcontainer.servlet                              I SRVE0242I: [io.openliberty.microprofile.metrics.internal.private] [/metrics] [PrivateMetricsRESTProxyServlet]: Initialization successful.
[3/14/22, 16:45:43:202 UTC] 00000043 com.ibm.ws.session.WASSessionCore                            I SESN0176I: A new session context will be created for application key default_host/openapi
[3/14/22, 16:45:43:202 UTC] 00000043 com.ibm.ws.util                                              I SESN0172I: The session manager is using the Java default SecureRandom implementation for session ID generation.
[3/14/22, 16:45:43:204 UTC] 00000021 com.ibm.ws.session.WASSessionCore                            I SESN0176I: A new session context will be created for application key default_host/openapi/platform
[3/14/22, 16:45:43:206 UTC] 00000021 com.ibm.ws.util                                              I SESN0172I: The session manager is using the Java default SecureRandom implementation for session ID generation.
[3/14/22, 16:45:43:263 UTC] 00000043 org.apache.myfaces.ee.MyFacesContainerInitializer            I Using org.apache.myfaces.ee.MyFacesContainerInitializer
[3/14/22, 16:45:43:276 UTC] 00000021 org.apache.myfaces.ee.MyFacesContainerInitializer            I Using org.apache.myfaces.ee.MyFacesContainerInitializer
[3/14/22, 16:45:43:306 UTC] 00000043 com.ibm.ws.webcontainer.servlet                              I SRVE0242I: [io.openliberty.microprofile.openapi.2.0.internal.jakarta] [/openapi] [ApplicationServlet]: Initialization successful.
[3/14/22, 16:45:44:381 UTC] 0000001f org.jboss.weld.Event                                         I WELD-000411: Observer method [BackedAnnotatedMethod] org.apache.myfaces.config.annotation.CdiAnnotationProviderExtension.processAnnotatedType(@Observes ProcessAnnotatedType<T>) receives events for all annotated types. Consider restricting events using @WithAnnotations or a generic type with bounds.
[3/14/22, 16:45:44:473 UTC] 0000001f org.jboss.weld.Event                                         I WELD-000411: Observer method [BackedAnnotatedMethod] org.apache.myfaces.cdi.JsfArtifactProducerExtension.processAnnotatedType(@Observes ProcessAnnotatedType<T>, BeanManager) receives events for all annotated types. Consider restricting events using @WithAnnotations or a generic type with bounds.
[3/14/22, 16:45:45:775 UTC] 00000044 .ibm.ws.transport.iiop.server.security.CSIv2SubsystemFactory E NO_USER_REGISTRY 
                                                                                                               defaultOrb
                                                                                                               10
[3/14/22, 16:45:46:966 UTC] 0000001f com.ibm.ws.webcontainer.osgi.webapp.WebGroup                 I SRVE0169I: Loading Web Module: positivityjar.
[3/14/22, 16:45:46:967 UTC] 0000001f com.ibm.ws.webcontainer                                      I SRVE0250I: Web Module positivityjar has been bound to default_host.
[3/14/22, 16:45:46:967 UTC] 0000001f com.ibm.ws.http.internal.VirtualHostImpl                     A CWWKT0016I: Web application available (default_host): http://localhost:9080/positivityjar/
[3/14/22, 16:45:46:973 UTC] 00000044 com.ibm.ws.session.WASSessionCore                            I SESN0176I: A new session context will be created for application key default_host/positivityjar
[3/14/22, 16:45:46:975 UTC] 00000044 com.ibm.ws.util                                              I SESN0172I: The session manager is using the Java default SecureRandom implementation for session ID generation.
[3/14/22, 16:45:47:061 UTC] 00000044 org.apache.myfaces.ee.MyFacesContainerInitializer            I Using org.apache.myfaces.ee.MyFacesContainerInitializer
[3/14/22, 16:45:47:094 UTC] 00000021 com.ibm.ws.webcontainer.osgi.mbeans.PluginGenerator          I SRVE9103I: A configuration file for a web server plugin was automatically generated for this server at /home/bitnami/team-rice-pudding/positivityjar/target/liberty/wlp/usr/servers/defaultServer/logs/state/plugin-cfg.xml.
[3/14/22, 16:45:47:221 UTC] 00000044 com.ibm.ws.app.manager.AppMessageHelper                      A CWWKZ0001I: Application positivityjar started in 7.864 seconds.
[3/14/22, 16:45:47:290 UTC] 0000001e com.ibm.ws.tcpchannel.internal.TCPPort                       I CWWKO0219I: TCP Channel defaultHttpEndpoint has been started and is now listening for requests on host localhost  (IPv4: 127.0.0.1) port 9080.
[3/14/22, 16:45:47:297 UTC] 0000001e com.ibm.ws.tcpchannel.internal.TCPPort                       I CWWKO0219I: TCP Channel wasJmsEndpoint456 has been started and is now listening for requests on host localhost  (IPv4: 127.0.0.1) port 7276.
[3/14/22, 16:45:47:297 UTC] 0000001e com.ibm.ws.tcpchannel.internal.TCPPort                       I CWWKO0219I: TCP Channel defaultHttpEndpoint-ssl has been started and is now listening for requests on host localhost  (IPv4: 127.0.0.1) port 9443.
[3/14/22, 16:45:47:297 UTC] 0000001e com.ibm.ws.tcpchannel.internal.TCPPort                       I CWWKO0219I: TCP Channel wasJmsEndpoint456-ssl has been started and is now listening for requests on host localhost  (IPv4: 127.0.0.1) port 7286.
[3/14/22, 16:45:47:335 UTC] 0000001e com.ibm.ws.kernel.feature.internal.FeatureManager            A CWWKF0012I: The server installed the following features: [appAuthentication-2.0, appAuthorization-2.0, appClientSupport-2.0, appSecurity-4.0, batch-2.0, beanValidation-3.0, cdi-3.0, concurrent-2.0, connectors-2.0, connectorsInboundSecurity-2.0, distributedMap-1.0, enterpriseBeans-4.0, enterpriseBeansHome-4.0, enterpriseBeansLite-4.0, enterpriseBeansPersistentTimer-4.0, enterpriseBeansRemote-4.0, expressionLanguage-4.0, faces-3.0, jakartaee-9.1, jdbc-4.2, jndi-1.0, json-1.0, jsonb-2.0, jsonp-2.0, jwt-1.0, mail-2.0, managedBeans-2.0, mdb-4.0, messaging-3.0, messagingClient-3.0, messagingSecurity-3.0, messagingServer-3.0, microProfile-5.0, monitor-1.0, mpConfig-3.0, mpFaultTolerance-4.0, mpHealth-4.0, mpJwt-2.0, mpMetrics-4.0, mpOpenAPI-3.0, mpOpenTracing-3.0, mpRestClient-3.0, pages-3.0, persistence-3.0, persistenceContainer-3.0, restConnector-2.0, restfulWS-3.0, restfulWSClient-3.0, servlet-5.0, ssl-1.0, transportSecurity-1.0, webProfile-9.1, websocket-2.0, xmlBinding-3.0, xmlWS-3.0].
[3/14/22, 16:45:47:338 UTC] 0000001e com.ibm.ws.kernel.feature.internal.FeatureManager            I CWWKF0008I: Feature update completed in 21.647 seconds.
[3/14/22, 16:45:47:338 UTC] 0000001e com.ibm.ws.kernel.feature.internal.FeatureManager            A CWWKF0011I: The defaultServer server is ready to run a smarter planet. The defaultServer server started in 24.401 seconds.
[3/14/22, 16:45:48:151 UTC] 00000044 org.jboss.resteasy.resteasy_jaxrs.i18n                       I RESTEASY002225: Deploying jakarta.ws.rs.core.Application: class ricepudding.rest.RestApplication$Proxy$_$$_WeldClientProxy
[3/14/22, 16:45:48:161 UTC] 00000044 com.ibm.ws.webcontainer.servlet                              I SRVE0242I: [positivityjar] [/positivityjar] [ricepudding.rest.RestApplication]: Initialization successful.
[3/14/22, 16:46:05:787 UTC] 0000001e com.ibm.ws.http.internal.VirtualHostImpl                     A CWWKT0017I: Web application removed (default_host): http://localhost:9080/positivityjar/
[3/14/22, 16:46:05:863 UTC] 0000001e com.ibm.ws.webcontainer.servlet                              I SRVE0253I: [positivityjar] [/positivityjar] [ricepudding.rest.RestApplication]: Destroy successful.
[3/14/22, 16:46:06:491 UTC] 0000001e com.ibm.ws.app.manager.AppMessageHelper                      A CWWKZ0009I: The application positivityjar has stopped successfully.
[3/14/22, 16:46:06:715 UTC] 0000001e com.ibm.ws.app.manager.AppMessageHelper                      I CWWKZ0018I: Starting application positivityjar.
[3/14/22, 16:46:06:720 UTC] 0000001e bm.ws.app.manager.war.internal.WARDeployedAppInfoFactoryImpl I CWWKZ0134I: The positivityjar application is using the loose application definition at the /home/bitnami/team-rice-pudding/positivityjar/target/liberty/wlp/usr/servers/defaultServer/apps/positivityjar.war.xml location.
[3/14/22, 16:46:07:835 UTC] 00000020 com.ibm.ws.webcontainer.osgi.mbeans.PluginGenerator          I SRVE9103I: A configuration file for a web server plugin was automatically generated for this server at /home/bitnami/team-rice-pudding/positivityjar/target/liberty/wlp/usr/servers/defaultServer/logs/state/plugin-cfg.xml.
[3/14/22, 16:46:10:600 UTC] 0000001e org.jboss.weld.Event                                         I WELD-000411: Observer method [BackedAnnotatedMethod] org.apache.myfaces.cdi.JsfArtifactProducerExtension.processAnnotatedType(@Observes ProcessAnnotatedType<T>, BeanManager) receives events for all annotated types. Consider restricting events using @WithAnnotations or a generic type with bounds.
[3/14/22, 16:46:10:609 UTC] 0000001e org.jboss.weld.Event                                         I WELD-000411: Observer method [BackedAnnotatedMethod] org.apache.myfaces.config.annotation.CdiAnnotationProviderExtension.processAnnotatedType(@Observes ProcessAnnotatedType<T>) receives events for all annotated types. Consider restricting events using @WithAnnotations or a generic type with bounds.
[3/14/22, 16:46:12:216 UTC] 0000001e com.ibm.ws.webcontainer.osgi.webapp.WebGroup                 I SRVE0169I: Loading Web Module: positivityjar.
[3/14/22, 16:46:12:225 UTC] 0000001e com.ibm.ws.webcontainer                                      I SRVE0250I: Web Module positivityjar has been bound to default_host.
[3/14/22, 16:46:12:226 UTC] 0000001e com.ibm.ws.http.internal.VirtualHostImpl                     A CWWKT0016I: Web application available (default_host): http://localhost:9080/positivityjar/
[3/14/22, 16:46:12:241 UTC] 00000044 com.ibm.ws.session.WASSessionCore                            I SESN0176I: A new session context will be created for application key default_host/positivityjar
[3/14/22, 16:46:12:244 UTC] 00000044 com.ibm.ws.util                                              I SESN0172I: The session manager is using the Java default SecureRandom implementation for session ID generation.
[3/14/22, 16:46:12:293 UTC] 00000020 com.ibm.ws.webcontainer.osgi.mbeans.PluginGenerator          I SRVE9103I: A configuration file for a web server plugin was automatically generated for this server at /home/bitnami/team-rice-pudding/positivityjar/target/liberty/wlp/usr/servers/defaultServer/logs/state/plugin-cfg.xml.
[3/14/22, 16:46:12:311 UTC] 00000044 org.apache.myfaces.ee.MyFacesContainerInitializer            I Using org.apache.myfaces.ee.MyFacesContainerInitializer
[3/14/22, 16:46:12:370 UTC] 00000044 com.ibm.ws.app.manager.AppMessageHelper                      A CWWKZ0003I: The application positivityjar updated in 5.654 seconds.
[3/14/22, 16:46:12:692 UTC] 00000044 org.jboss.resteasy.resteasy_jaxrs.i18n                       I RESTEASY002225: Deploying jakarta.ws.rs.core.Application: class ricepudding.rest.RestApplication$Proxy$_$$_WeldClientProxy
[3/14/22, 16:46:12:695 UTC] 00000044 com.ibm.ws.webcontainer.servlet                              I SRVE0242I: [positivityjar] [/positivityjar] [ricepudding.rest.RestApplication]: Initialization successful.
[3/14/22, 16:49:08:403 UTC] 00000044 com.ibm.ws.config.xml.internal.ConfigRefresher               A CWWKG0016I: Starting server configuration update.
[3/14/22, 16:49:09:094 UTC] 00000044 com.ibm.ws.config.xml.internal.ConfigRefresher               A CWWKG0017I: The server configuration was successfully updated in 0.811 seconds.
[3/14/22, 16:49:09:144 UTC] 0000001e com.ibm.ws.webcontainer.osgi.mbeans.PluginGenerator          I SRVE9103I: A configuration file for a web server plugin was automatically generated for this server at /home/bitnami/team-rice-pudding/positivityjar/target/liberty/wlp/usr/servers/defaultServer/logs/state/plugin-cfg.xml.
[3/14/22, 16:49:09:214 UTC] 00000044 com.ibm.ws.tcpchannel.internal.TCPChannel                    I CWWKO0220I: TCP Channel defaultHttpEndpoint has stopped listening for requests on host localhost  (IPv4: 127.0.0.1) port 9080.
[3/14/22, 16:49:09:258 UTC] 00000044 com.ibm.ws.http.internal.VirtualHostImpl                     A CWWKT0028I: Web application moved (default_host): https://localhost:9443/jwt/
[3/14/22, 16:49:09:259 UTC] 00000044 com.ibm.ws.http.internal.VirtualHostImpl                     A CWWKT0028I: Web application moved (default_host): https://localhost:9443/positivityjar/
[3/14/22, 16:49:09:259 UTC] 00000044 com.ibm.ws.http.internal.VirtualHostImpl                     A CWWKT0028I: Web application moved (default_host): https://localhost:9443/openapi/platform/
[3/14/22, 16:49:09:260 UTC] 00000044 com.ibm.ws.http.internal.VirtualHostImpl                     A CWWKT0028I: Web application moved (default_host): https://localhost:9443/openapi/ui/
[3/14/22, 16:49:09:264 UTC] 00000044 com.ibm.ws.http.internal.VirtualHostImpl                     A CWWKT0028I: Web application moved (default_host): https://localhost:9443/health/
[3/14/22, 16:49:09:269 UTC] 00000044 com.ibm.ws.http.internal.VirtualHostImpl                     A CWWKT0028I: Web application moved (default_host): https://localhost:9443/metrics/
[3/14/22, 16:49:09:269 UTC] 00000044 com.ibm.ws.http.internal.VirtualHostImpl                     A CWWKT0028I: Web application moved (default_host): https://localhost:9443/IBMJMXConnectorREST/
[3/14/22, 16:49:09:269 UTC] 00000044 com.ibm.ws.http.internal.VirtualHostImpl                     A CWWKT0028I: Web application moved (default_host): https://localhost:9443/ibm/api/
[3/14/22, 16:49:09:273 UTC] 00000044 com.ibm.ws.http.internal.VirtualHostImpl                     A CWWKT0028I: Web application moved (default_host): https://localhost:9443/openapi/
[3/14/22, 16:49:09:500 UTC] 00000044 com.ibm.ws.tcpchannel.internal.TCPPort                       I CWWKO0219I: TCP Channel defaultHttpEndpoint has been started and is now listening for requests on host *  (IPv6) port 9080.
[3/14/22, 16:49:09:503 UTC] 00000044 com.ibm.ws.jmx.connector.server.rest.RESTAppListener         I CWWKX0103I: The JMX REST connector is running and is available at the following service URL: service:jmx:rest://provisioner-local:9443/IBMJMXConnectorREST
[3/14/22, 16:49:09:505 UTC] 00000044 com.ibm.ws.jmx.connector.server.rest.RESTAppListener         I CWWKX0103I: The JMX REST connector is running and is available at the following service URL: service:jmx:rest://provisioner-local:9443/IBMJMXConnectorREST
[3/14/22, 16:49:09:506 UTC] 00000044 com.ibm.ws.tcpchannel.internal.TCPChannel                    I CWWKO0220I: TCP Channel defaultHttpEndpoint-ssl has stopped listening for requests on host localhost  (IPv4: 127.0.0.1) port 9443.
[3/14/22, 16:49:09:516 UTC] 00000044 com.ibm.ws.http.internal.VirtualHostImpl                     A CWWKT0028I: Web application moved (default_host): http://localhost:9080/jwt/
[3/14/22, 16:49:09:517 UTC] 00000044 com.ibm.ws.http.internal.VirtualHostImpl                     A CWWKT0028I: Web application moved (default_host): http://localhost:9080/positivityjar/
[3/14/22, 16:49:09:517 UTC] 00000044 com.ibm.ws.http.internal.VirtualHostImpl                     A CWWKT0028I: Web application moved (default_host): http://localhost:9080/openapi/platform/
[3/14/22, 16:49:09:518 UTC] 00000044 com.ibm.ws.http.internal.VirtualHostImpl                     A CWWKT0028I: Web application moved (default_host): http://localhost:9080/openapi/ui/
[3/14/22, 16:49:09:519 UTC] 00000044 com.ibm.ws.http.internal.VirtualHostImpl                     A CWWKT0028I: Web application moved (default_host): http://localhost:9080/health/
[3/14/22, 16:49:09:520 UTC] 00000044 com.ibm.ws.http.internal.VirtualHostImpl                     A CWWKT0028I: Web application moved (default_host): http://localhost:9080/metrics/
[3/14/22, 16:49:09:521 UTC] 00000044 com.ibm.ws.http.internal.VirtualHostImpl                     A CWWKT0028I: Web application moved (default_host): http://localhost:9080/IBMJMXConnectorREST/
[3/14/22, 16:49:09:522 UTC] 00000044 com.ibm.ws.http.internal.VirtualHostImpl                     A CWWKT0028I: Web application moved (default_host): http://localhost:9080/ibm/api/
[3/14/22, 16:49:09:523 UTC] 00000044 com.ibm.ws.http.internal.VirtualHostImpl                     A CWWKT0028I: Web application moved (default_host): http://localhost:9080/openapi/
[3/14/22, 16:49:09:579 UTC] 00000044 com.ibm.ws.tcpchannel.internal.TCPPort                       I CWWKO0219I: TCP Channel defaultHttpEndpoint-ssl has been started and is now listening for requests on host *  (IPv6) port 9443.
[3/14/22, 16:49:09:591 UTC] 00000044 com.ibm.ws.jmx.connector.server.rest.RESTAppListener         I CWWKX0103I: The JMX REST connector is running and is available at the following service URL: service:jmx:rest://provisioner-local:9443/IBMJMXConnectorREST
[3/14/22, 16:49:09:592 UTC] 00000044 com.ibm.ws.jmx.connector.server.rest.RESTAppListener         I CWWKX0103I: The JMX REST connector is running and is available at the following service URL: service:jmx:rest://provisioner-local:9443/IBMJMXConnectorREST
[3/14/22, 16:50:09:232 UTC] 00000045 com.ibm.ws.config.xml.internal.ConfigRefresher               A CWWKG0016I: Starting server configuration update.
[3/14/22, 16:50:11:726 UTC] 00000045 com.ibm.ws.config.xml.internal.ConfigRefresher               A CWWKG0018I: The server configuration was not updated. No functional changes were detected.
[3/14/22, 18:22:13:766 UTC] 00000011 com.ibm.ws.kernel.launch.internal.FrameworkManager           A CWWKE0085I: The server defaultServer is stopping because the JVM is exiting.
[3/14/22, 18:22:14:250 UTC] 00000050 com.ibm.ws.runtime.update.internal.RuntimeUpdateManagerImpl  A CWWKE1100I: Waiting for up to 30 seconds for the server to quiesce.
[3/14/22, 18:22:15:152 UTC] 00000012 com.ibm.ws.kernel.launch.internal.ServerCommandListener      A CWWKE0055I: Server shutdown requested on Monday, March 14, 2022 at 6:22 PM. The server defaultServer is shutting down.
[3/14/22, 18:22:15:199 UTC] 00000045 com.ibm.ws.tcpchannel.internal.TCPChannel                    I CWWKO0220I: TCP Channel defaultHttpEndpoint-ssl has stopped listening for requests on host *  (IPv6) port 9443.
[3/14/22, 18:22:15:455 UTC] 00000045 com.ibm.ws.tcpchannel.internal.TCPChannel                    I CWWKO0220I: TCP Channel wasJmsEndpoint456 has stopped listening for requests on host localhost  (IPv4: 127.0.0.1) port 7276.
[3/14/22, 18:22:15:579 UTC] 00000045 com.ibm.ws.tcpchannel.internal.TCPChannel                    I CWWKO0220I: TCP Channel defaultHttpEndpoint has stopped listening for requests on host *  (IPv6) port 9080.
[3/14/22, 18:22:15:580 UTC] 00000045 com.ibm.ws.http.internal.VirtualHostImpl                     A CWWKT0017I: Web application removed (default_host): http://localhost:9080/jwt/
[3/14/22, 18:22:15:585 UTC] 00000045 com.ibm.ws.http.internal.VirtualHostImpl                     A CWWKT0017I: Web application removed (default_host): http://localhost:9080/positivityjar/
[3/14/22, 18:22:15:585 UTC] 00000045 com.ibm.ws.http.internal.VirtualHostImpl                     A CWWKT0017I: Web application removed (default_host): http://localhost:9080/openapi/platform/
[3/14/22, 18:22:15:586 UTC] 00000045 com.ibm.ws.http.internal.VirtualHostImpl                     A CWWKT0017I: Web application removed (default_host): http://localhost:9080/openapi/ui/
[3/14/22, 18:22:15:586 UTC] 00000045 com.ibm.ws.http.internal.VirtualHostImpl                     A CWWKT0017I: Web application removed (default_host): http://localhost:9080/health/
[3/14/22, 18:22:15:586 UTC] 00000045 com.ibm.ws.http.internal.VirtualHostImpl                     A CWWKT0017I: Web application removed (default_host): http://localhost:9080/metrics/
[3/14/22, 18:22:15:586 UTC] 00000045 com.ibm.ws.http.internal.VirtualHostImpl                     A CWWKT0017I: Web application removed (default_host): http://localhost:9080/IBMJMXConnectorREST/
[3/14/22, 18:22:15:586 UTC] 00000045 com.ibm.ws.http.internal.VirtualHostImpl                     A CWWKT0017I: Web application removed (default_host): http://localhost:9080/ibm/api/
[3/14/22, 18:22:15:586 UTC] 00000045 com.ibm.ws.http.internal.VirtualHostImpl                     A CWWKT0017I: Web application removed (default_host): http://localhost:9080/openapi/
[3/14/22, 18:22:15:604 UTC] 00000045 com.ibm.ws.tcpchannel.internal.TCPChannel                    I CWWKO0220I: TCP Channel wasJmsEndpoint456-ssl has stopped listening for requests on host localhost  (IPv4: 127.0.0.1) port 7286.
[3/14/22, 18:22:16:613 UTC] 00000050 com.ibm.ws.runtime.update.internal.RuntimeUpdateManagerImpl  I CWWKE1101I: Server quiesce complete.
[3/14/22, 18:22:18:123 UTC] 0000004e com.ibm.ws.app.manager.AppMessageHelper                      A CWWKZ0009I: The application positivityjar has stopped successfully.
[3/14/22, 18:22:34:620 UTC] 00000050 .microprofile.metrics.internal.monitor.MonitorMetricsHandler I CWPMI2004I: All monitoring metrics were unregistered from mpMetrics.
[3/14/22, 18:22:34:870 UTC] 00000050 rty.security.mp.jwt.v12.config.impl.MpConfigProxyServiceImpl I CWWKS5782I: The MicroProfile JWT version 1.2 mpConfigProxy deactivated successfully.
[3/14/22, 18:22:34:895 UTC] 00000050 .ws.security.mp.jwt.v11.config.impl.MpConfigProxyServiceImpl I CWWKS5777I: The MicroProfile JWT version 1.1 mpConfigProxy deactivated successfully.
[3/14/22, 18:22:34:914 UTC] 00000050 com.ibm.ws.security.mp.jwt.impl.MicroProfileJwtConfigImpl    I CWWKS5502I: The MicroProfile JWT configuration [defaultMpJwt] was successfully deactivated.
[3/14/22, 18:22:34:915 UTC] 00000050 com.ibm.ws.security.mp.jwt.impl.MicroProfileJwtServiceImpl   I CWWKS5502I: The MicroProfile JWT configuration [MicroProfileJwtService] was successfully deactivated.
[3/14/22, 18:22:35:898 UTC] 00000050 com.ibm.ws.security.ready.internal.SecurityReadyServiceImpl  I CWWKS0009I: The security service has stopped.
[3/14/22, 18:22:36:131 UTC] 00000050 ibm.ws.security.authentication.internal.jaas.JAASServiceImpl I CWWKS1124I: The collective authentication plugin with class name NullCollectiveAuthenticationPlugin has been deactivated. 
[3/14/22, 18:22:43:397 UTC] 00000050 com.ibm.ws.sib.utils.ras.SibMessage                          I  CWSIS1589I: The file store has stopped successfully.
[3/14/22, 18:22:43:576 UTC] 00000050 com.ibm.ws.sib.utils.ras.SibMessage                          I  CWSID0121I: JMS server stopped.  
[3/14/22, 18:22:48:199 UTC] 00000001 com.ibm.ws.kernel.launch.internal.FrameworkManager           A CWWKE0036I: The server defaultServer stopped after 1 hours, 37 minutes, 25.167 seconds.
