********************************************************************************
product = Open Liberty 22.0.0.2 (wlp-1.0.61.cl220220220201-1901)
wlp.install.dir = /home/bitnami/team-rice-pudding/positivityjar/target/liberty/wlp/
java.home = /usr/lib/jvm/java-11-openjdk-amd64
java.version = 11.0.14
java.runtime = OpenJDK Runtime Environment (11.0.14+9-post-Debian-1deb10u1)
os = Linux (4.19.0-18-cloud-amd64; amd64) (en_US)
process = 14984@ip-172-26-3-241
********************************************************************************
[3/14/22, 16:11:56:759 UTC] 00000001 com.ibm.ws.kernel.launch.internal.FrameworkManager           A CWWKE0001I: The server defaultServer has been launched.
[3/14/22, 16:11:59:208 UTC] 00000001 com.ibm.ws.kernel.launch.internal.FrameworkManager           I CWWKE0002I: The kernel started after 2.947 seconds
[3/14/22, 16:11:59:418 UTC] 0000001c com.ibm.ws.kernel.feature.internal.FeatureManager            I CWWKF0007I: Feature update started.
[3/14/22, 16:12:10:606 UTC] 00000013 com.ibm.ws.security.ready.internal.SecurityReadyServiceImpl  I CWWKS0007I: The security service is starting...
[3/14/22, 16:12:11:492 UTC] 00000013 com.ibm.ws.app.manager.internal.monitor.DropinMonitor        A CWWKZ0058I: Monitoring dropins for applications.
[3/14/22, 16:12:12:274 UTC] 00000013 com.ibm.ws.cache.ServerCache                                 I DYNA1001I: WebSphere Dynamic Cache instance named baseCache initialized successfully.
[3/14/22, 16:12:12:276 UTC] 00000013 com.ibm.ws.cache.ServerCache                                 I DYNA1071I: The cache provider default is being used.
[3/14/22, 16:12:12:280 UTC] 00000013 com.ibm.ws.cache.CacheServiceImpl                            I DYNA1056I: Dynamic Cache (object cache) initialized successfully.
[3/14/22, 16:12:14:615 UTC] 00000013 com.ibm.ws.sib.utils.ras.SibMessage                          I  CWSIS1553I: The minimum reserved size in the configuration information of the permanent store file is 20,971,520 bytes. The maximum size is 209,715,200 bytes.
[3/14/22, 16:12:14:620 UTC] 00000013 com.ibm.ws.sib.utils.ras.SibMessage                          I  CWSIS1557I: The minimum reserved size in the configuration information of the temporary store file is 20,971,520 bytes. The maximum size is 209,715,200 bytes.
[3/14/22, 16:12:15:214 UTC] 00000013 com.ibm.ws.sib.utils.ras.SibMessage                          I  CWSID0108I: JMS server has started.  
[3/14/22, 16:12:15:299 UTC] 00000013 cxf.cxf.core.3.2.jakarta:1.0.61.cl220220220201-1901(id=278)] I Aries Blueprint packages not available. So namespaces will not be registered
[3/14/22, 16:12:15:651 UTC] 00000013 rty.security.mp.jwt.v12.config.impl.MpConfigProxyServiceImpl I CWWKS5780I: The MicroProfile JWT version 1.2 mpConfigProxy processed successfully.
[3/14/22, 16:12:15:656 UTC] 00000013 .ws.security.mp.jwt.v11.config.impl.MpConfigProxyServiceImpl I CWWKS5775I: The MicroProfile JWT version 1.1 mpConfigProxy processed successfully.
[3/14/22, 16:12:16:335 UTC] 00000016 com.ibm.ws.ssl.config.WSKeyStore                             A CWPKI0820A: The default keystore has been created using the 'keystore_password' environment variable.
[3/14/22, 16:12:16:349 UTC] 00000016 com.ibm.ws.ssl.config.WSKeyStore                             I CWPKI0802I: Creating the SSL certificate. This may take a few seconds.
[3/14/22, 16:12:16:384 UTC] 0000001f com.ibm.ws.security.token.ltpa.LTPAKeyInfoManager            I CWWKS4103I: Creating the LTPA keys. This may take a few seconds.
[3/14/22, 16:12:16:482 UTC] 00000013 ibm.ws.security.authentication.internal.jaas.JAASServiceImpl I CWWKS1123I: The collective authentication plugin with class name NullCollectiveAuthenticationPlugin has been activated. 
[3/14/22, 16:12:17:526 UTC] 00000013 com.ibm.ws.security.jaspi.AuthConfigFactoryWrapper           I CWWKS1655I: The default Java Authentication SPI for Containers (JASPIC) AuthConfigFactory class com.ibm.ws.security.jaspi.ProviderRegistry is being used because the Java security property authconfigprovider.factory is not set. 
[3/14/22, 16:12:17:624 UTC] 00000013 com.ibm.ws.security.jwt.internal.ConsumerImpl                I CWWKS6012I: The JSON Web Token (JWT) consumer service is available.
[3/14/22, 16:12:17:691 UTC] 00000013 com.ibm.ws.security.jwt.web.JwtEndpointServices              I CWWKS6002I: The JSON Web Token (JWT) endpoint service is available.
[3/14/22, 16:12:18:876 UTC] 0000001f com.ibm.ws.security.token.ltpa.LTPAKeyInfoManager            A CWWKS4104A: LTPA keys created in 2.491 seconds. LTPA key file: /home/bitnami/team-rice-pudding/positivityjar/target/liberty/wlp/usr/servers/defaultServer/resources/security/ltpa.keys
[3/14/22, 16:12:18:908 UTC] 0000001f com.ibm.ws.security.token.ltpa.internal.LTPAKeyCreateTask    I CWWKS4105I: LTPA configuration is ready after 2.528 seconds.
[3/14/22, 16:12:18:931 UTC] 00000013 com.ibm.ws.session.WASSessionCore                            I SESN8501I: The session manager did not find a persistent storage location; HttpSession objects will be stored in the local application server's memory.
[3/14/22, 16:12:19:279 UTC] 00000013 .microprofile.metrics.internal.monitor.MonitorMetricsHandler I CWPMI2003I: Monitoring metrics can be retrieved through mpMetrics.
[3/14/22, 16:12:21:737 UTC] 00000013 cxf.cxf.core.3.2.jakarta:1.0.61.cl220220220201-1901(id=278)] I Adding the extensions from bundle com.ibm.ws.org.apache.cxf.cxf.rt.bindings.soap.3.2.jakarta (276) [org.apache.cxf.binding.soap.SoapBindingFactory, org.apache.cxf.binding.soap.SoapTransportFactory]
[3/14/22, 16:12:21:748 UTC] 00000013 cxf.cxf.core.3.2.jakarta:1.0.61.cl220220220201-1901(id=278)] I Adding the extensions from bundle com.ibm.ws.org.apache.cxf.cxf.rt.bindings.xml.3.2.jakarta (277) [org.apache.cxf.binding.xml.XMLBindingFactory, org.apache.cxf.binding.xml.wsdl11.XMLWSDLExtensionLoader]
[3/14/22, 16:12:21:751 UTC] 00000013 cxf.cxf.core.3.2.jakarta:1.0.61.cl220220220201-1901(id=278)] I Adding the extensions from bundle com.ibm.ws.org.apache.cxf.cxf.core.3.2.jakarta (278) [org.apache.cxf.phase.PhaseManager, org.apache.cxf.workqueue.WorkQueueManager, org.apache.cxf.buslifecycle.BusLifeCycleManager, org.apache.cxf.endpoint.ServerRegistry, org.apache.cxf.endpoint.EndpointResolverRegistry, org.apache.cxf.headers.HeaderManager, org.apache.cxf.service.factory.FactoryBeanListenerManager, org.apache.cxf.endpoint.ServerLifeCycleManager, org.apache.cxf.endpoint.ClientLifeCycleManager, org.apache.cxf.resource.ResourceManager, org.apache.cxf.catalog.OASISCatalogManager, org.apache.cxf.transport.http.HTTPTransportFactory, org.apache.cxf.common.util.ASMHelper, org.apache.cxf.common.spi.ClassLoaderService, org.apache.cxf.transport.http.HTTPConduitFactory, org.apache.cxf.transport.ConduitInitiator]
[3/14/22, 16:12:21:753 UTC] 00000013 cxf.cxf.core.3.2.jakarta:1.0.61.cl220220220201-1901(id=278)] I Adding the extensions from bundle com.ibm.ws.org.apache.cxf.cxf.rt.databinding.jaxb.3.2.jakarta (279) [org.apache.cxf.jaxb.WrapperHelperCreator, org.apache.cxf.jaxb.FactoryClassCreator]
[3/14/22, 16:12:21:754 UTC] 00000013 cxf.cxf.core.3.2.jakarta:1.0.61.cl220220220201-1901(id=278)] I Adding the extensions from bundle com.ibm.ws.org.apache.cxf.cxf.rt.features.logging.3.2 (280) [org.apache.cxf.ext.logging.LoggingFactoryBeanListener, org.apache.cxf.ext.logging.OldLoggingFactoryBeanListener, org.apache.cxf.ext.logging.LoggingBusLifecycleListener]
[3/14/22, 16:12:21:756 UTC] 00000013 cxf.cxf.core.3.2.jakarta:1.0.61.cl220220220201-1901(id=278)] I Adding the extensions from bundle com.ibm.ws.org.apache.cxf.cxf.rt.frontend.jaxws.3.2.jakarta (281) [org.apache.cxf.jaxws.context.WebServiceContextResourceResolver, org.apache.cxf.jaxws.spi.WrapperClassCreator]
[3/14/22, 16:12:21:762 UTC] 00000013 cxf.cxf.core.3.2.jakarta:1.0.61.cl220220220201-1901(id=278)] I Adding the extensions from bundle com.ibm.ws.org.apache.cxf.cxf.rt.frontend.simple.3.2.jakarta (282) [org.apache.cxf.endpoint.dynamic.ExceptionClassCreator]
[3/14/22, 16:12:21:763 UTC] 00000013 cxf.cxf.core.3.2.jakarta:1.0.61.cl220220220201-1901(id=278)] I Adding the extensions from bundle com.ibm.ws.org.apache.cxf.cxf.rt.management.3.2.jakarta (283) [org.apache.cxf.management.InstrumentationManager]
[3/14/22, 16:12:21:765 UTC] 00000013 cxf.cxf.core.3.2.jakarta:1.0.61.cl220220220201-1901(id=278)] I Adding the extensions from bundle com.ibm.ws.org.apache.cxf.cxf.rt.transports.http.3.2.jakarta (284) [org.apache.cxf.transport.http.HTTPTransportFactory, org.apache.cxf.transport.http.HTTPWSDLExtensionLoader, org.apache.cxf.transport.http.policy.HTTPClientAssertionBuilder, org.apache.cxf.transport.http.policy.HTTPServerAssertionBuilder, org.apache.cxf.transport.http.policy.NoOpPolicyInterceptorProvider]
[3/14/22, 16:12:21:767 UTC] 00000013 cxf.cxf.core.3.2.jakarta:1.0.61.cl220220220201-1901(id=278)] I Adding the extensions from bundle com.ibm.ws.org.apache.cxf.cxf.rt.wsdl.3.2.jakarta (286) [org.apache.cxf.wsdl.WSDLManager, org.apache.cxf.wsdl.ExtensionClassCreator]
[3/14/22, 16:12:21:769 UTC] 00000013 cxf.cxf.core.3.2.jakarta:1.0.61.cl220220220201-1901(id=278)] I Adding the extensions from bundle com.ibm.ws.org.apache.cxf.cxf.rt.ws.addr.3.2.jakarta (287) [org.apache.cxf.ws.addressing.policy.AddressingAssertionBuilder, org.apache.cxf.ws.addressing.policy.UsingAddressingAssertionBuilder, org.apache.cxf.ws.addressing.policy.AddressingPolicyInterceptorProvider, org.apache.cxf.ws.addressing.impl.AddressingWSDLExtensionLoader, org.apache.cxf.ws.addressing.WSAddressingFeature$WSAddressingFeatureApplier, org.apache.cxf.ws.addressing.MAPAggregator$MAPAggregatorLoader]
[3/14/22, 16:12:21:771 UTC] 00000013 cxf.cxf.core.3.2.jakarta:1.0.61.cl220220220201-1901(id=278)] I Adding the extensions from bundle com.ibm.ws.org.apache.cxf.cxf.rt.ws.policy.3.2.jakarta (288) [org.apache.cxf.ws.policy.PolicyEngine, org.apache.cxf.policy.PolicyDataEngine, org.apache.cxf.ws.policy.AssertionBuilderRegistry, org.apache.cxf.ws.policy.PolicyInterceptorProviderRegistry, org.apache.cxf.ws.policy.PolicyBuilder, org.apache.cxf.ws.policy.PolicyAnnotationListener, org.apache.cxf.ws.policy.attachment.ServiceModelPolicyProvider, org.apache.cxf.ws.policy.attachment.external.DomainExpressionBuilderRegistry, org.apache.cxf.ws.policy.attachment.external.EndpointReferenceDomainExpressionBuilder, org.apache.cxf.ws.policy.attachment.external.URIDomainExpressionBuilder, org.apache.cxf.ws.policy.attachment.wsdl11.Wsdl11AttachmentPolicyProvider, org.apache.cxf.ws.policy.mtom.MTOMAssertionBuilder, org.apache.cxf.ws.policy.mtom.MTOMPolicyInterceptorProvider]
[3/14/22, 16:12:21:891 UTC] 00000013 cxf.cxf.core.3.2.jakarta:1.0.61.cl220220220201-1901(id=278)] I Aries Blueprint packages not available. So namespaces will not be registered
[3/14/22, 16:12:21:903 UTC] 00000013 cxf.cxf.core.3.2.jakarta:1.0.61.cl220220220201-1901(id=278)] I Aries Blueprint packages not available. So namespaces will not be registered
[3/14/22, 16:12:21:914 UTC] 00000013 cxf.cxf.core.3.2.jakarta:1.0.61.cl220220220201-1901(id=278)] I Aries Blueprint packages not available. So namespaces will not be registered
[3/14/22, 16:12:21:938 UTC] 00000013 cxf.cxf.core.3.2.jakarta:1.0.61.cl220220220201-1901(id=278)] I Aries Blueprint packages not available. So namespaces will not be registered
[3/14/22, 16:12:22:168 UTC] 00000013 cxf.cxf.core.3.2.jakarta:1.0.61.cl220220220201-1901(id=278)] W Could not create a secure Stax XMLInputFactory.  Found class com.sun.xml.internal.stream.XMLInputFactoryImpl.  Suggest Woodstox 4.2.0 or newer.
[3/14/22, 16:12:22:196 UTC] 00000016 com.ibm.ws.ssl.config.WSKeyStore                             A CWPKI0803A: SSL certificate created in 5.847 seconds. SSL key file: /home/bitnami/team-rice-pudding/positivityjar/target/liberty/wlp/usr/servers/defaultServer/resources/security/key.p12
[3/14/22, 16:12:22:200 UTC] 00000016 com.ibm.ws.ssl.config.WSKeyStore                             I Successfully loaded default keystore: /home/bitnami/team-rice-pudding/positivityjar/target/liberty/wlp/usr/servers/defaultServer/resources/security/key.p12 of type: PKCS12
[3/14/22, 16:12:22:232 UTC] 00000016 com.ibm.ws.security.mp.jwt.impl.MicroProfileJwtServiceImpl   I CWWKS5500I: The MicroProfile JWT configuration [MicroProfileJwtService] was successfully processed.
[3/14/22, 16:12:22:247 UTC] 00000016 com.ibm.ws.security.mp.jwt.impl.MicroProfileJwtConfigImpl    I CWWKS5500I: The MicroProfile JWT configuration [defaultMpJwt] was successfully processed.
[3/14/22, 16:12:22:264 UTC] 00000016 org.apache.cxf.ext.logging.osgi.Activator                    I CXF message logging feature disabled
[3/14/22, 16:12:23:369 UTC] 0000001d com.ibm.ws.webcontainer.osgi.webapp.WebGroup                 I SRVE0169I: Loading Web Module: IBMJMXConnectorREST.
[3/14/22, 16:12:23:377 UTC] 0000001d com.ibm.ws.webcontainer                                      I SRVE0250I: Web Module IBMJMXConnectorREST has been bound to default_host.
[3/14/22, 16:12:23:370 UTC] 0000003a com.ibm.ws.webcontainer.osgi.webapp.WebGroup                 I SRVE0169I: Loading Web Module: ibm/api.
[3/14/22, 16:12:23:378 UTC] 0000003a com.ibm.ws.webcontainer                                      I SRVE0250I: Web Module ibm/api has been bound to default_host.
[3/14/22, 16:12:23:385 UTC] 0000001d com.ibm.ws.http.internal.VirtualHostImpl                     A CWWKT0016I: Web application available (default_host): http://localhost:9080/IBMJMXConnectorREST/
[3/14/22, 16:12:23:389 UTC] 0000001d com.ibm.ws.jmx.connector.server.rest.RESTAppListener         I CWWKX0103I: The JMX REST connector is running and is available at the following service URL: service:jmx:rest://localhost:9443/IBMJMXConnectorREST
[3/14/22, 16:12:23:389 UTC] 0000001d com.ibm.ws.jmx.connector.server.rest.RESTAppListener         I CWWKX0103I: The JMX REST connector is running and is available at the following service URL: service:jmx:rest://localhost:9443/IBMJMXConnectorREST
[3/14/22, 16:12:23:390 UTC] 0000003a com.ibm.ws.http.internal.VirtualHostImpl                     A CWWKT0016I: Web application available (default_host): http://localhost:9080/ibm/api/
[3/14/22, 16:12:23:507 UTC] 0000003a com.ibm.ws.webcontainer.osgi.webapp.WebGroup                 I SRVE0169I: Loading Web Module: health.
[3/14/22, 16:12:23:507 UTC] 0000003a com.ibm.ws.webcontainer                                      I SRVE0250I: Web Module health has been bound to default_host.
[3/14/22, 16:12:23:507 UTC] 0000003a com.ibm.ws.http.internal.VirtualHostImpl                     A CWWKT0016I: Web application available (default_host): http://localhost:9080/health/
[3/14/22, 16:12:23:549 UTC] 0000001d com.ibm.ws.webcontainer.osgi.webapp.WebGroup                 I SRVE0169I: Loading Web Module: io.openliberty.security.jwt.internal.
[3/14/22, 16:12:23:549 UTC] 0000001d com.ibm.ws.webcontainer                                      I SRVE0250I: Web Module io.openliberty.security.jwt.internal has been bound to default_host.
[3/14/22, 16:12:23:549 UTC] 0000001d com.ibm.ws.http.internal.VirtualHostImpl                     A CWWKT0016I: Web application available (default_host): http://localhost:9080/jwt/
[3/14/22, 16:12:23:689 UTC] 0000001d com.ibm.ws.webcontainer.osgi.webapp.WebGroup                 I SRVE0169I: Loading Web Module: OpenAPIUI.
[3/14/22, 16:12:23:689 UTC] 0000001d com.ibm.ws.webcontainer                                      I SRVE0250I: Web Module OpenAPIUI has been bound to default_host.
[3/14/22, 16:12:23:689 UTC] 0000001d com.ibm.ws.http.internal.VirtualHostImpl                     A CWWKT0016I: Web application available (default_host): http://localhost:9080/openapi/ui/
[3/14/22, 16:12:23:751 UTC] 0000001d com.ibm.ws.webcontainer.osgi.webapp.WebGroup                 I SRVE0169I: Loading Web Module: PrivateMicroProfileMetrics.
[3/14/22, 16:12:23:751 UTC] 0000001d com.ibm.ws.webcontainer                                      I SRVE0250I: Web Module PrivateMicroProfileMetrics has been bound to default_host.
[3/14/22, 16:12:23:758 UTC] 0000001d com.ibm.ws.http.internal.VirtualHostImpl                     A CWWKT0016I: Web application available (default_host): http://localhost:9080/metrics/
[3/14/22, 16:12:23:787 UTC] 0000003a com.ibm.ws.webcontainer.osgi.webapp.WebGroup                 I SRVE0169I: Loading Web Module: MicroProfileOpenAPI.
[3/14/22, 16:12:23:787 UTC] 0000003a com.ibm.ws.webcontainer                                      I SRVE0250I: Web Module MicroProfileOpenAPI has been bound to default_host.
[3/14/22, 16:12:23:788 UTC] 0000003a com.ibm.ws.http.internal.VirtualHostImpl                     A CWWKT0016I: Web application available (default_host): http://localhost:9080/openapi/
[3/14/22, 16:12:23:827 UTC] 0000003a com.ibm.ws.app.manager.AppMessageHelper                      I CWWKZ0018I: Starting application positivityjar.
[3/14/22, 16:12:23:829 UTC] 0000001d com.ibm.ws.webcontainer.osgi.webapp.WebGroup                 I SRVE0169I: Loading Web Module: /openapi/platform.
[3/14/22, 16:12:23:829 UTC] 0000001d com.ibm.ws.webcontainer                                      I SRVE0250I: Web Module /openapi/platform has been bound to default_host.
[3/14/22, 16:12:23:829 UTC] 0000001d com.ibm.ws.http.internal.VirtualHostImpl                     A CWWKT0016I: Web application available (default_host): http://localhost:9080/openapi/platform/
[3/14/22, 16:12:23:827 UTC] 0000003a bm.ws.app.manager.war.internal.WARDeployedAppInfoFactoryImpl I CWWKZ0134I: The positivityjar application is using the loose application definition at the /home/bitnami/team-rice-pudding/positivityjar/target/liberty/wlp/usr/servers/defaultServer/apps/positivityjar.war.xml location.
[3/14/22, 16:12:23:961 UTC] 0000001e com.ibm.ws.session.WASSessionCore                            I SESN0176I: A new session context will be created for application key default_host/IBMJMXConnectorREST
[3/14/22, 16:12:23:962 UTC] 0000001d com.ibm.ws.session.WASSessionCore                            I SESN0176I: A new session context will be created for application key default_host/ibm/api
[3/14/22, 16:12:24:145 UTC] 0000001e com.ibm.ws.util                                              I SESN0172I: The session manager is using the Java default SecureRandom implementation for session ID generation.
[3/14/22, 16:12:24:169 UTC] 0000001d com.ibm.ws.util                                              I SESN0172I: The session manager is using the Java default SecureRandom implementation for session ID generation.
[3/14/22, 16:12:24:228 UTC] 0000001e org.hibernate.validator.internal.util.Version                I HV000001: Hibernate Validator 7.0.0.Final
[3/14/22, 16:12:24:916 UTC] 0000001e com.ibm.ws.cache.CacheServiceImpl                            I DYNA1056I: Dynamic Cache (object cache) initialized successfully.
[3/14/22, 16:12:24:961 UTC] 0000001e org.apache.myfaces.ee.MyFacesContainerInitializer            I Using org.apache.myfaces.ee.MyFacesContainerInitializer
[3/14/22, 16:12:24:961 UTC] 0000001d org.apache.myfaces.ee.MyFacesContainerInitializer            I Using org.apache.myfaces.ee.MyFacesContainerInitializer
[3/14/22, 16:12:25:213 UTC] 0000003a org.jboss.weld.Version                                       I WELD-000900: 4.0.1 (SP1)
[3/14/22, 16:12:25:270 UTC] 0000001e com.ibm.ws.webcontainer.servlet                              I SRVE0242I: [com.ibm.ws.jmx.connector.server.rest.jakarta] [/IBMJMXConnectorREST] [JMXRESTProxyServlet]: Initialization successful.
[3/14/22, 16:12:25:406 UTC] 0000001e com.ibm.ws.session.WASSessionCore                            I SESN0176I: A new session context will be created for application key default_host/health
[3/14/22, 16:12:25:406 UTC] 0000001e com.ibm.ws.util                                              I SESN0172I: The session manager is using the Java default SecureRandom implementation for session ID generation.
[3/14/22, 16:12:25:692 UTC] 0000001e org.apache.myfaces.ee.MyFacesContainerInitializer            I Using org.apache.myfaces.ee.MyFacesContainerInitializer
[3/14/22, 16:12:25:793 UTC] 0000001e com.ibm.ws.webcontainer.servlet                              I SRVE0242I: [io.openliberty.microprofile.health.3.1.internal.jakarta] [/health] [HealthCheckReadinessServlet]: Initialization successful.
[3/14/22, 16:12:25:799 UTC] 0000001e com.ibm.ws.webcontainer.servlet                              I SRVE0242I: [io.openliberty.microprofile.health.3.1.internal.jakarta] [/health] [HealthCheckServlet]: Initialization successful.
[3/14/22, 16:12:25:801 UTC] 0000001e com.ibm.ws.webcontainer.servlet                              I SRVE0242I: [io.openliberty.microprofile.health.3.1.internal.jakarta] [/health] [HealthCheckStartupServlet]: Initialization successful.
[3/14/22, 16:12:25:803 UTC] 0000001e com.ibm.ws.webcontainer.servlet                              I SRVE0242I: [io.openliberty.microprofile.health.3.1.internal.jakarta] [/health] [HealthCheckLivenessServlet]: Initialization successful.
[3/14/22, 16:12:26:339 UTC] 0000001d com.ibm.ws.webcontainer.osgi.mbeans.PluginGenerator          I SRVE9103I: A configuration file for a web server plugin was automatically generated for this server at /home/bitnami/team-rice-pudding/positivityjar/target/liberty/wlp/usr/servers/defaultServer/logs/state/plugin-cfg.xml.
[3/14/22, 16:12:26:370 UTC] 0000001e com.ibm.ws.session.WASSessionCore                            I SESN0176I: A new session context will be created for application key default_host/openapi/ui
[3/14/22, 16:12:26:372 UTC] 0000001e com.ibm.ws.util                                              I SESN0172I: The session manager is using the Java default SecureRandom implementation for session ID generation.
[3/14/22, 16:12:26:378 UTC] 0000001d com.ibm.ws.session.WASSessionCore                            I SESN0176I: A new session context will be created for application key default_host/jwt
[3/14/22, 16:12:26:378 UTC] 0000001d com.ibm.ws.util                                              I SESN0172I: The session manager is using the Java default SecureRandom implementation for session ID generation.
[3/14/22, 16:12:26:447 UTC] 0000001d org.apache.myfaces.ee.MyFacesContainerInitializer            I Using org.apache.myfaces.ee.MyFacesContainerInitializer
[3/14/22, 16:12:26:457 UTC] 00000043 com.ibm.ws.session.WASSessionCore                            I SESN0176I: A new session context will be created for application key default_host/metrics
[3/14/22, 16:12:26:457 UTC] 00000043 com.ibm.ws.util                                              I SESN0172I: The session manager is using the Java default SecureRandom implementation for session ID generation.
[3/14/22, 16:12:26:460 UTC] 0000001e org.apache.myfaces.ee.MyFacesContainerInitializer            I Using org.apache.myfaces.ee.MyFacesContainerInitializer
[3/14/22, 16:12:26:509 UTC] 00000043 org.apache.myfaces.ee.MyFacesContainerInitializer            I Using org.apache.myfaces.ee.MyFacesContainerInitializer
[3/14/22, 16:12:26:525 UTC] 0000001d com.ibm.ws.session.WASSessionCore                            I SESN0176I: A new session context will be created for application key default_host/openapi/platform
[3/14/22, 16:12:26:525 UTC] 0000001d com.ibm.ws.util                                              I SESN0172I: The session manager is using the Java default SecureRandom implementation for session ID generation.
[3/14/22, 16:12:26:542 UTC] 0000001e com.ibm.ws.session.WASSessionCore                            I SESN0176I: A new session context will be created for application key default_host/openapi
[3/14/22, 16:12:26:542 UTC] 0000001e com.ibm.ws.util                                              I SESN0172I: The session manager is using the Java default SecureRandom implementation for session ID generation.
[3/14/22, 16:12:26:543 UTC] 00000043 com.ibm.ws.webcontainer.servlet                              I SRVE0242I: [io.openliberty.microprofile.metrics.internal.private] [/metrics] [PrivateMetricsRESTProxyServlet]: Initialization successful.
[3/14/22, 16:12:26:593 UTC] 0000001e org.apache.myfaces.ee.MyFacesContainerInitializer            I Using org.apache.myfaces.ee.MyFacesContainerInitializer
[3/14/22, 16:12:26:596 UTC] 0000001d org.apache.myfaces.ee.MyFacesContainerInitializer            I Using org.apache.myfaces.ee.MyFacesContainerInitializer
[3/14/22, 16:12:26:619 UTC] 0000001e com.ibm.ws.webcontainer.servlet                              I SRVE0242I: [io.openliberty.microprofile.openapi.2.0.internal.jakarta] [/openapi] [ApplicationServlet]: Initialization successful.
[3/14/22, 16:12:27:183 UTC] 0000003a org.jboss.weld.Event                                         I WELD-000411: Observer method [BackedAnnotatedMethod] org.apache.myfaces.cdi.JsfArtifactProducerExtension.processAnnotatedType(@Observes ProcessAnnotatedType<T>, BeanManager) receives events for all annotated types. Consider restricting events using @WithAnnotations or a generic type with bounds.
[3/14/22, 16:12:27:269 UTC] 0000003a org.jboss.weld.Event                                         I WELD-000411: Observer method [BackedAnnotatedMethod] org.apache.myfaces.config.annotation.CdiAnnotationProviderExtension.processAnnotatedType(@Observes ProcessAnnotatedType<T>) receives events for all annotated types. Consider restricting events using @WithAnnotations or a generic type with bounds.
[3/14/22, 16:12:30:212 UTC] 0000003a com.ibm.ws.webcontainer.osgi.webapp.WebGroup                 I SRVE0169I: Loading Web Module: positivityjar.
[3/14/22, 16:12:30:213 UTC] 0000003a com.ibm.ws.webcontainer                                      I SRVE0250I: Web Module positivityjar has been bound to default_host.
[3/14/22, 16:12:30:216 UTC] 0000003a com.ibm.ws.http.internal.VirtualHostImpl                     A CWWKT0016I: Web application available (default_host): http://localhost:9080/positivityjar/
[3/14/22, 16:12:30:220 UTC] 0000001d com.ibm.ws.session.WASSessionCore                            I SESN0176I: A new session context will be created for application key default_host/positivityjar
[3/14/22, 16:12:30:220 UTC] 0000001d com.ibm.ws.util                                              I SESN0172I: The session manager is using the Java default SecureRandom implementation for session ID generation.
[3/14/22, 16:12:30:285 UTC] 0000001d org.apache.myfaces.ee.MyFacesContainerInitializer            I Using org.apache.myfaces.ee.MyFacesContainerInitializer
[3/14/22, 16:12:30:312 UTC] 00000043 com.ibm.ws.webcontainer.osgi.mbeans.PluginGenerator          I SRVE9103I: A configuration file for a web server plugin was automatically generated for this server at /home/bitnami/team-rice-pudding/positivityjar/target/liberty/wlp/usr/servers/defaultServer/logs/state/plugin-cfg.xml.
[3/14/22, 16:12:30:411 UTC] 0000001d com.ibm.ws.app.manager.AppMessageHelper                      A CWWKZ0001I: Application positivityjar started in 6.584 seconds.
[3/14/22, 16:12:30:465 UTC] 0000003a .ibm.ws.transport.iiop.server.security.CSIv2SubsystemFactory E NO_USER_REGISTRY 
                                                                                                               defaultOrb
                                                                                                               10
[3/14/22, 16:12:30:528 UTC] 0000001c com.ibm.ws.tcpchannel.internal.TCPPort                       I CWWKO0219I: TCP Channel defaultHttpEndpoint has been started and is now listening for requests on host localhost  (IPv4: 127.0.0.1) port 9080.
[3/14/22, 16:12:30:534 UTC] 0000001c com.ibm.ws.tcpchannel.internal.TCPPort                       I CWWKO0219I: TCP Channel wasJmsEndpoint456 has been started and is now listening for requests on host localhost  (IPv4: 127.0.0.1) port 7276.
[3/14/22, 16:12:30:534 UTC] 0000001c com.ibm.ws.tcpchannel.internal.TCPPort                       I CWWKO0219I: TCP Channel defaultHttpEndpoint-ssl has been started and is now listening for requests on host localhost  (IPv4: 127.0.0.1) port 9443.
[3/14/22, 16:12:30:534 UTC] 0000001c com.ibm.ws.tcpchannel.internal.TCPPort                       I CWWKO0219I: TCP Channel wasJmsEndpoint456-ssl has been started and is now listening for requests on host localhost  (IPv4: 127.0.0.1) port 7286.
[3/14/22, 16:12:30:649 UTC] 0000001c com.ibm.ws.kernel.feature.internal.FeatureManager            A CWWKF0012I: The server installed the following features: [appAuthentication-2.0, appAuthorization-2.0, appClientSupport-2.0, appSecurity-4.0, batch-2.0, beanValidation-3.0, cdi-3.0, concurrent-2.0, connectors-2.0, connectorsInboundSecurity-2.0, distributedMap-1.0, enterpriseBeans-4.0, enterpriseBeansHome-4.0, enterpriseBeansLite-4.0, enterpriseBeansPersistentTimer-4.0, enterpriseBeansRemote-4.0, expressionLanguage-4.0, faces-3.0, jakartaee-9.1, jdbc-4.2, jndi-1.0, json-1.0, jsonb-2.0, jsonp-2.0, jwt-1.0, mail-2.0, managedBeans-2.0, mdb-4.0, messaging-3.0, messagingClient-3.0, messagingSecurity-3.0, messagingServer-3.0, microProfile-5.0, monitor-1.0, mpConfig-3.0, mpFaultTolerance-4.0, mpHealth-4.0, mpJwt-2.0, mpMetrics-4.0, mpOpenAPI-3.0, mpOpenTracing-3.0, mpRestClient-3.0, pages-3.0, persistence-3.0, persistenceContainer-3.0, restConnector-2.0, restfulWS-3.0, restfulWSClient-3.0, servlet-5.0, ssl-1.0, transportSecurity-1.0, webProfile-9.1, websocket-2.0, xmlBinding-3.0, xmlWS-3.0].
[3/14/22, 16:12:30:650 UTC] 0000001c com.ibm.ws.kernel.feature.internal.FeatureManager            I CWWKF0008I: Feature update completed in 31.444 seconds.
[3/14/22, 16:12:30:651 UTC] 0000001c com.ibm.ws.kernel.feature.internal.FeatureManager            A CWWKF0011I: The defaultServer server is ready to run a smarter planet. The defaultServer server started in 34.394 seconds.
[3/14/22, 16:12:31:152 UTC] 0000001d org.jboss.resteasy.resteasy_jaxrs.i18n                       I RESTEASY002225: Deploying jakarta.ws.rs.core.Application: class ricepudding.rest.RestApplication$Proxy$_$$_WeldClientProxy
[3/14/22, 16:12:31:161 UTC] 0000001d com.ibm.ws.webcontainer.servlet                              I SRVE0242I: [positivityjar] [/positivityjar] [ricepudding.rest.RestApplication]: Initialization successful.
[3/14/22, 16:28:26:972 UTC] 0000000f com.ibm.ws.kernel.launch.internal.FrameworkManager           A CWWKE0085I: The server defaultServer is stopping because the JVM is exiting.
[3/14/22, 16:28:29:137 UTC] 00000010 com.ibm.ws.kernel.launch.internal.ServerCommandListener      A CWWKE0055I: Server shutdown requested on Monday, March 14, 2022 at 4:28 PM. The server defaultServer is shutting down.
[3/14/22, 16:28:29:321 UTC] 00000047 com.ibm.ws.runtime.update.internal.RuntimeUpdateManagerImpl  A CWWKE1100I: Waiting for up to 30 seconds for the server to quiesce.
[3/14/22, 16:28:29:749 UTC] 0000001d com.ibm.ws.tcpchannel.internal.TCPChannel                    I CWWKO0220I: TCP Channel defaultHttpEndpoint-ssl has stopped listening for requests on host localhost  (IPv4: 127.0.0.1) port 9443.
[3/14/22, 16:28:30:320 UTC] 0000003a com.ibm.ws.tcpchannel.internal.TCPChannel                    I CWWKO0220I: TCP Channel defaultHttpEndpoint has stopped listening for requests on host localhost  (IPv4: 127.0.0.1) port 9080.
[3/14/22, 16:28:30:325 UTC] 0000003a com.ibm.ws.http.internal.VirtualHostImpl                     A CWWKT0017I: Web application removed (default_host): http://localhost:9080/jwt/
[3/14/22, 16:28:30:344 UTC] 0000003a com.ibm.ws.http.internal.VirtualHostImpl                     A CWWKT0017I: Web application removed (default_host): http://localhost:9080/positivityjar/
[3/14/22, 16:28:30:344 UTC] 0000003a com.ibm.ws.http.internal.VirtualHostImpl                     A CWWKT0017I: Web application removed (default_host): http://localhost:9080/openapi/platform/
[3/14/22, 16:28:30:345 UTC] 0000003a com.ibm.ws.http.internal.VirtualHostImpl                     A CWWKT0017I: Web application removed (default_host): http://localhost:9080/openapi/ui/
[3/14/22, 16:28:30:347 UTC] 0000003a com.ibm.ws.http.internal.VirtualHostImpl                     A CWWKT0017I: Web application removed (default_host): http://localhost:9080/health/
[3/14/22, 16:28:30:351 UTC] 0000003a com.ibm.ws.http.internal.VirtualHostImpl                     A CWWKT0017I: Web application removed (default_host): http://localhost:9080/metrics/
[3/14/22, 16:28:30:351 UTC] 0000003a com.ibm.ws.http.internal.VirtualHostImpl                     A CWWKT0017I: Web application removed (default_host): http://localhost:9080/IBMJMXConnectorREST/
[3/14/22, 16:28:30:352 UTC] 0000003a com.ibm.ws.http.internal.VirtualHostImpl                     A CWWKT0017I: Web application removed (default_host): http://localhost:9080/ibm/api/
[3/14/22, 16:28:30:352 UTC] 0000003a com.ibm.ws.http.internal.VirtualHostImpl                     A CWWKT0017I: Web application removed (default_host): http://localhost:9080/openapi/
[3/14/22, 16:28:30:476 UTC] 0000001d com.ibm.ws.tcpchannel.internal.TCPChannel                    I CWWKO0220I: TCP Channel wasJmsEndpoint456 has stopped listening for requests on host localhost  (IPv4: 127.0.0.1) port 7276.
[3/14/22, 16:28:30:624 UTC] 0000001d com.ibm.ws.tcpchannel.internal.TCPChannel                    I CWWKO0220I: TCP Channel wasJmsEndpoint456-ssl has stopped listening for requests on host localhost  (IPv4: 127.0.0.1) port 7286.
[3/14/22, 16:28:31:625 UTC] 00000047 com.ibm.ws.runtime.update.internal.RuntimeUpdateManagerImpl  I CWWKE1101I: Server quiesce complete.
[3/14/22, 16:28:37:838 UTC] 00000043 com.ibm.ws.app.manager.AppMessageHelper                      A CWWKZ0009I: The application positivityjar has stopped successfully.
[3/14/22, 16:28:45:234 UTC] 00000047 .microprofile.metrics.internal.monitor.MonitorMetricsHandler I CWPMI2004I: All monitoring metrics were unregistered from mpMetrics.
[3/14/22, 16:28:45:285 UTC] 00000047 rty.security.mp.jwt.v12.config.impl.MpConfigProxyServiceImpl I CWWKS5782I: The MicroProfile JWT version 1.2 mpConfigProxy deactivated successfully.
[3/14/22, 16:28:45:288 UTC] 00000047 .ws.security.mp.jwt.v11.config.impl.MpConfigProxyServiceImpl I CWWKS5777I: The MicroProfile JWT version 1.1 mpConfigProxy deactivated successfully.
[3/14/22, 16:28:45:290 UTC] 00000047 com.ibm.ws.security.mp.jwt.impl.MicroProfileJwtConfigImpl    I CWWKS5502I: The MicroProfile JWT configuration [defaultMpJwt] was successfully deactivated.
[3/14/22, 16:28:45:291 UTC] 00000047 com.ibm.ws.security.mp.jwt.impl.MicroProfileJwtServiceImpl   I CWWKS5502I: The MicroProfile JWT configuration [MicroProfileJwtService] was successfully deactivated.
[3/14/22, 16:28:45:470 UTC] 00000047 com.ibm.ws.security.ready.internal.SecurityReadyServiceImpl  I CWWKS0009I: The security service has stopped.
[3/14/22, 16:28:45:506 UTC] 00000047 ibm.ws.security.authentication.internal.jaas.JAASServiceImpl I CWWKS1124I: The collective authentication plugin with class name NullCollectiveAuthenticationPlugin has been deactivated. 
[3/14/22, 16:28:46:268 UTC] 00000047 com.ibm.ws.sib.utils.ras.SibMessage                          I  CWSIS1589I: The file store has stopped successfully.
[3/14/22, 16:28:46:534 UTC] 00000047 com.ibm.ws.sib.utils.ras.SibMessage                          I  CWSID0121I: JMS server stopped.  
[3/14/22, 16:28:47:722 UTC] 00000001 com.ibm.ws.kernel.launch.internal.FrameworkManager           A CWWKE0036I: The server defaultServer stopped after 16 minutes, 51.461 seconds.
