2022-03-29 09:49:48,842 [Worker-5: Loading available Gradle versions] INFO  o.e.b.c.i.u.g.PublishedGradleVersions - Gradle version information cache is out-of-date. Trying to update.
2022-04-07 13:06:27,943 [Worker-0: Loading available Gradle versions] INFO  o.e.b.c.i.u.g.PublishedGradleVersions - Gradle version information cache is out-of-date. Trying to update.
2022-04-07 13:08:24,265 [Worker-16: Update Maven projects configuration] INFO  o.e.m.c.i.p.ProjectConfigurationManager - Update started
2022-04-07 13:08:29,921 [Worker-16: Update Maven projects configuration] INFO  o.e.m.c.i.l.LifecycleMappingFactory - Using org.eclipse.m2e.jdt.JarLifecycleMapping lifecycle mapping for MavenProject: stewartc:ricejar:1.0-SNAPSHOT @ C:\Users\Colin Stewart\Desktop\SUNY Ulster\Computer Science\Software Engineering Practices\libertyapp\pom.xml.
2022-04-07 13:08:31,622 [Worker-16: Update Maven projects configuration] INFO  o.e.m.j.i.AbstractJavaProjectConfigurator - Adding source folder /libertyapp/src/main/java
2022-04-07 13:08:31,627 [Worker-16: Update Maven projects configuration] INFO  o.e.m.j.i.AbstractJavaProjectConfigurator - Adding source folder /libertyapp/src/test/java
2022-04-07 13:08:32,604 [Worker-20: Download sources and javadoc] INFO  o.e.m.c.i.e.AbstractTransferListenerAdapter - Downloading https://repo.maven.apache.org/maven2/jakarta/enterprise/jakarta.enterprise.cdi-api/3.0.0/jakarta.enterprise.cdi-api-3.0.0-sources.jar
2022-04-07 13:08:32,849 [Worker-20: Download sources and javadoc] INFO  o.e.m.c.i.e.AbstractTransferListenerAdapter - Downloaded https://repo.maven.apache.org/maven2/jakarta/enterprise/jakarta.enterprise.cdi-api/3.0.0/jakarta.enterprise.cdi-api-3.0.0-sources.jar
2022-04-07 13:08:32,856 [Worker-20: Download sources and javadoc] INFO  o.e.m.j.internal.DownloadSourcesJob - Downloaded sources for jakarta.enterprise:jakarta.enterprise.cdi-api:3.0.0
2022-04-07 13:08:33,094 [Worker-16: Update Maven projects configuration] INFO  o.e.m.c.i.p.ProjectConfigurationManager - Update completed: 8 sec
2022-04-07 13:08:33,188 [Worker-20: Download sources and javadoc] INFO  o.e.m.c.i.e.AbstractTransferListenerAdapter - Downloading https://repo.maven.apache.org/maven2/jakarta/interceptor/jakarta.interceptor-api/2.0.0/jakarta.interceptor-api-2.0.0-sources.jar
2022-04-07 13:08:33,369 [Worker-20: Download sources and javadoc] INFO  o.e.m.c.i.e.AbstractTransferListenerAdapter - Downloaded https://repo.maven.apache.org/maven2/jakarta/interceptor/jakarta.interceptor-api/2.0.0/jakarta.interceptor-api-2.0.0-sources.jar
2022-04-07 13:08:33,373 [Worker-20: Download sources and javadoc] INFO  o.e.m.j.internal.DownloadSourcesJob - Downloaded sources for jakarta.interceptor:jakarta.interceptor-api:2.0.0
2022-04-07 13:08:33,732 [Worker-20: Download sources and javadoc] INFO  o.e.m.c.i.e.AbstractTransferListenerAdapter - Downloading https://repo.maven.apache.org/maven2/jakarta/inject/jakarta.inject-api/2.0.0/jakarta.inject-api-2.0.0-sources.jar
2022-04-07 13:08:33,883 [Worker-20: Download sources and javadoc] INFO  o.e.m.c.i.e.AbstractTransferListenerAdapter - Downloaded https://repo.maven.apache.org/maven2/jakarta/inject/jakarta.inject-api/2.0.0/jakarta.inject-api-2.0.0-sources.jar
2022-04-07 13:08:33,888 [Worker-20: Download sources and javadoc] INFO  o.e.m.j.internal.DownloadSourcesJob - Downloaded sources for jakarta.inject:jakarta.inject-api:2.0.0
2022-04-07 13:08:33,929 [Worker-16: Building] INFO  o.e.m.c.i.embedder.EclipseLogger - Using 'UTF-8' encoding to copy filtered resources.
2022-04-07 13:08:33,930 [Worker-16: Building] INFO  o.e.m.c.i.embedder.EclipseLogger - skip non existing resourceDirectory C:\Users\Colin Stewart\Desktop\SUNY Ulster\Computer Science\Software Engineering Practices\libertyapp\src\main\resources
2022-04-07 13:08:33,934 [Worker-16: Building] INFO  o.e.m.c.i.embedder.EclipseLogger - Using 'UTF-8' encoding to copy filtered resources.
2022-04-07 13:08:33,934 [Worker-16: Building] INFO  o.e.m.c.i.embedder.EclipseLogger - skip non existing resourceDirectory C:\Users\Colin Stewart\Desktop\SUNY Ulster\Computer Science\Software Engineering Practices\libertyapp\src\test\resources
2022-04-07 13:08:34,220 [Worker-20: Download sources and javadoc] INFO  o.e.m.c.i.e.AbstractTransferListenerAdapter - Downloading https://repo.maven.apache.org/maven2/jakarta/ws/rs/jakarta.ws.rs-api/3.0.0/jakarta.ws.rs-api-3.0.0-sources.jar
2022-04-07 13:08:34,596 [Worker-20: Download sources and javadoc] INFO  o.e.m.c.i.e.AbstractTransferListenerAdapter - Downloaded https://repo.maven.apache.org/maven2/jakarta/ws/rs/jakarta.ws.rs-api/3.0.0/jakarta.ws.rs-api-3.0.0-sources.jar
2022-04-07 13:08:34,600 [Worker-20: Download sources and javadoc] INFO  o.e.m.j.internal.DownloadSourcesJob - Downloaded sources for jakarta.ws.rs:jakarta.ws.rs-api:3.0.0
2022-04-07 13:08:34,863 [Worker-20: Download sources and javadoc] INFO  o.e.m.c.i.e.AbstractTransferListenerAdapter - Downloading https://repo.maven.apache.org/maven2/jakarta/json/bind/jakarta.json.bind-api/2.0.0/jakarta.json.bind-api-2.0.0-sources.jar
2022-04-07 13:08:35,138 [Worker-20: Download sources and javadoc] INFO  o.e.m.c.i.e.AbstractTransferListenerAdapter - Downloaded https://repo.maven.apache.org/maven2/jakarta/json/bind/jakarta.json.bind-api/2.0.0/jakarta.json.bind-api-2.0.0-sources.jar
2022-04-07 13:08:35,141 [Worker-20: Download sources and javadoc] INFO  o.e.m.j.internal.DownloadSourcesJob - Downloaded sources for jakarta.json.bind:jakarta.json.bind-api:2.0.0
2022-04-07 13:08:35,389 [Worker-20: Download sources and javadoc] INFO  o.e.m.c.i.e.AbstractTransferListenerAdapter - Downloading https://repo.maven.apache.org/maven2/jakarta/json/jakarta.json-api/2.0.1/jakarta.json-api-2.0.1-sources.jar
2022-04-07 13:08:35,546 [Worker-20: Download sources and javadoc] INFO  o.e.m.c.i.e.AbstractTransferListenerAdapter - Downloaded https://repo.maven.apache.org/maven2/jakarta/json/jakarta.json-api/2.0.1/jakarta.json-api-2.0.1-sources.jar
2022-04-07 13:08:35,550 [Worker-20: Download sources and javadoc] INFO  o.e.m.j.internal.DownloadSourcesJob - Downloaded sources for jakarta.json:jakarta.json-api:2.0.1
2022-04-07 13:08:35,776 [Worker-20: Download sources and javadoc] INFO  o.e.m.c.i.e.AbstractTransferListenerAdapter - Downloading https://repo.maven.apache.org/maven2/jakarta/annotation/jakarta.annotation-api/2.0.0/jakarta.annotation-api-2.0.0-sources.jar
2022-04-07 13:08:35,955 [Worker-20: Download sources and javadoc] INFO  o.e.m.c.i.e.AbstractTransferListenerAdapter - Downloaded https://repo.maven.apache.org/maven2/jakarta/annotation/jakarta.annotation-api/2.0.0/jakarta.annotation-api-2.0.0-sources.jar
2022-04-07 13:08:35,959 [Worker-20: Download sources and javadoc] INFO  o.e.m.j.internal.DownloadSourcesJob - Downloaded sources for jakarta.annotation:jakarta.annotation-api:2.0.0
2022-04-07 13:08:36,183 [Worker-20: Download sources and javadoc] INFO  o.e.m.c.i.e.AbstractTransferListenerAdapter - Downloading https://repo.maven.apache.org/maven2/org/eclipse/microprofile/config/microprofile-config-api/3.0/microprofile-config-api-3.0-sources.jar
2022-04-07 13:08:36,357 [Worker-20: Download sources and javadoc] INFO  o.e.m.c.i.e.AbstractTransferListenerAdapter - Downloaded https://repo.maven.apache.org/maven2/org/eclipse/microprofile/config/microprofile-config-api/3.0/microprofile-config-api-3.0-sources.jar
2022-04-07 13:08:36,363 [Worker-20: Download sources and javadoc] INFO  o.e.m.j.internal.DownloadSourcesJob - Downloaded sources for org.eclipse.microprofile.config:microprofile-config-api:3.0
2022-04-07 13:08:36,658 [Worker-20: Download sources and javadoc] INFO  o.e.m.c.i.e.AbstractTransferListenerAdapter - Downloading https://repo.maven.apache.org/maven2/org/eclipse/microprofile/fault-tolerance/microprofile-fault-tolerance-api/4.0/microprofile-fault-tolerance-api-4.0-sources.jar
2022-04-07 13:08:36,835 [Worker-20: Download sources and javadoc] INFO  o.e.m.c.i.e.AbstractTransferListenerAdapter - Downloaded https://repo.maven.apache.org/maven2/org/eclipse/microprofile/fault-tolerance/microprofile-fault-tolerance-api/4.0/microprofile-fault-tolerance-api-4.0-sources.jar
2022-04-07 13:08:36,839 [Worker-20: Download sources and javadoc] INFO  o.e.m.j.internal.DownloadSourcesJob - Downloaded sources for org.eclipse.microprofile.fault-tolerance:microprofile-fault-tolerance-api:4.0
2022-04-07 13:08:37,097 [Worker-20: Download sources and javadoc] INFO  o.e.m.c.i.e.AbstractTransferListenerAdapter - Downloading https://repo.maven.apache.org/maven2/org/eclipse/microprofile/health/microprofile-health-api/4.0/microprofile-health-api-4.0-sources.jar
2022-04-07 13:08:37,238 [Worker-20: Download sources and javadoc] INFO  o.e.m.c.i.e.AbstractTransferListenerAdapter - Downloaded https://repo.maven.apache.org/maven2/org/eclipse/microprofile/health/microprofile-health-api/4.0/microprofile-health-api-4.0-sources.jar
2022-04-07 13:08:37,242 [Worker-20: Download sources and javadoc] INFO  o.e.m.j.internal.DownloadSourcesJob - Downloaded sources for org.eclipse.microprofile.health:microprofile-health-api:4.0
2022-04-07 13:08:37,505 [Worker-20: Download sources and javadoc] INFO  o.e.m.c.i.e.AbstractTransferListenerAdapter - Downloading https://repo.maven.apache.org/maven2/org/eclipse/microprofile/metrics/microprofile-metrics-api/4.0/microprofile-metrics-api-4.0-sources.jar
2022-04-07 13:08:37,663 [Worker-20: Download sources and javadoc] INFO  o.e.m.c.i.e.AbstractTransferListenerAdapter - Downloaded https://repo.maven.apache.org/maven2/org/eclipse/microprofile/metrics/microprofile-metrics-api/4.0/microprofile-metrics-api-4.0-sources.jar
2022-04-07 13:08:37,668 [Worker-20: Download sources and javadoc] INFO  o.e.m.j.internal.DownloadSourcesJob - Downloaded sources for org.eclipse.microprofile.metrics:microprofile-metrics-api:4.0
2022-04-07 13:08:37,900 [Worker-20: Download sources and javadoc] INFO  o.e.m.c.i.e.AbstractTransferListenerAdapter - Downloading https://repo.maven.apache.org/maven2/org/eclipse/microprofile/jwt/microprofile-jwt-auth-api/2.0/microprofile-jwt-auth-api-2.0-sources.jar
2022-04-07 13:08:38,109 [Worker-20: Download sources and javadoc] INFO  o.e.m.c.i.e.AbstractTransferListenerAdapter - Downloaded https://repo.maven.apache.org/maven2/org/eclipse/microprofile/jwt/microprofile-jwt-auth-api/2.0/microprofile-jwt-auth-api-2.0-sources.jar
2022-04-07 13:08:38,116 [Worker-20: Download sources and javadoc] INFO  o.e.m.j.internal.DownloadSourcesJob - Downloaded sources for org.eclipse.microprofile.jwt:microprofile-jwt-auth-api:2.0
2022-04-07 13:08:38,363 [Worker-20: Download sources and javadoc] INFO  o.e.m.c.i.e.AbstractTransferListenerAdapter - Downloading https://repo.maven.apache.org/maven2/org/eclipse/microprofile/openapi/microprofile-openapi-api/3.0/microprofile-openapi-api-3.0-sources.jar
2022-04-07 13:08:38,575 [Worker-20: Download sources and javadoc] INFO  o.e.m.c.i.e.AbstractTransferListenerAdapter - Downloaded https://repo.maven.apache.org/maven2/org/eclipse/microprofile/openapi/microprofile-openapi-api/3.0/microprofile-openapi-api-3.0-sources.jar
2022-04-07 13:08:38,584 [Worker-20: Download sources and javadoc] INFO  o.e.m.j.internal.DownloadSourcesJob - Downloaded sources for org.eclipse.microprofile.openapi:microprofile-openapi-api:3.0
2022-04-07 13:08:38,826 [Worker-20: Download sources and javadoc] INFO  o.e.m.c.i.e.AbstractTransferListenerAdapter - Downloading https://repo.maven.apache.org/maven2/org/eclipse/microprofile/rest/client/microprofile-rest-client-api/3.0/microprofile-rest-client-api-3.0-sources.jar
2022-04-07 13:08:39,090 [Worker-20: Download sources and javadoc] INFO  o.e.m.c.i.e.AbstractTransferListenerAdapter - Downloaded https://repo.maven.apache.org/maven2/org/eclipse/microprofile/rest/client/microprofile-rest-client-api/3.0/microprofile-rest-client-api-3.0-sources.jar
2022-04-07 13:08:39,095 [Worker-20: Download sources and javadoc] INFO  o.e.m.j.internal.DownloadSourcesJob - Downloaded sources for org.eclipse.microprofile.rest.client:microprofile-rest-client-api:3.0
2022-04-07 13:08:39,344 [Worker-20: Download sources and javadoc] INFO  o.e.m.c.i.e.AbstractTransferListenerAdapter - Downloading https://repo.maven.apache.org/maven2/org/eclipse/microprofile/opentracing/microprofile-opentracing-api/3.0/microprofile-opentracing-api-3.0-sources.jar
2022-04-07 13:08:39,493 [Worker-20: Download sources and javadoc] INFO  o.e.m.c.i.e.AbstractTransferListenerAdapter - Downloaded https://repo.maven.apache.org/maven2/org/eclipse/microprofile/opentracing/microprofile-opentracing-api/3.0/microprofile-opentracing-api-3.0-sources.jar
2022-04-07 13:08:39,499 [Worker-20: Download sources and javadoc] INFO  o.e.m.j.internal.DownloadSourcesJob - Downloaded sources for org.eclipse.microprofile.opentracing:microprofile-opentracing-api:3.0
2022-04-07 13:08:39,755 [Worker-20: Download sources and javadoc] INFO  o.e.m.c.i.e.AbstractTransferListenerAdapter - Downloading https://repo.maven.apache.org/maven2/jakarta/platform/jakarta.jakartaee-web-api/9.0.0/jakarta.jakartaee-web-api-9.0.0-sources.jar
2022-04-07 13:08:41,416 [Worker-20: Download sources and javadoc] INFO  o.e.m.c.i.e.AbstractTransferListenerAdapter - Downloaded https://repo.maven.apache.org/maven2/jakarta/platform/jakarta.jakartaee-web-api/9.0.0/jakarta.jakartaee-web-api-9.0.0-sources.jar
2022-04-07 13:08:41,422 [Worker-20: Download sources and javadoc] INFO  o.e.m.j.internal.DownloadSourcesJob - Downloaded sources for jakarta.platform:jakarta.jakartaee-web-api:9.0.0
2022-04-07 13:08:41,427 [Worker-20: Download sources and javadoc] INFO  o.e.m.j.internal.DownloadSourcesJob - Downloaded sources for jakarta.interceptor:jakarta.interceptor-api:2.0.0
2022-04-07 13:08:41,434 [Worker-20: Download sources and javadoc] INFO  o.e.m.j.internal.DownloadSourcesJob - Downloaded sources for jakarta.inject:jakarta.inject-api:2.0.0
2022-04-07 13:08:41,439 [Worker-20: Download sources and javadoc] INFO  o.e.m.j.internal.DownloadSourcesJob - Downloaded sources for jakarta.ws.rs:jakarta.ws.rs-api:3.0.0
2022-04-07 13:08:41,444 [Worker-20: Download sources and javadoc] INFO  o.e.m.j.internal.DownloadSourcesJob - Downloaded sources for jakarta.json.bind:jakarta.json.bind-api:2.0.0
2022-04-07 13:08:41,449 [Worker-20: Download sources and javadoc] INFO  o.e.m.j.internal.DownloadSourcesJob - Downloaded sources for jakarta.json:jakarta.json-api:2.0.1
2022-04-07 13:08:41,455 [Worker-20: Download sources and javadoc] INFO  o.e.m.j.internal.DownloadSourcesJob - Downloaded sources for jakarta.annotation:jakarta.annotation-api:2.0.0
2022-04-07 13:08:41,462 [Worker-20: Download sources and javadoc] INFO  o.e.m.j.internal.DownloadSourcesJob - Downloaded sources for org.eclipse.microprofile.config:microprofile-config-api:3.0
2022-04-07 13:08:41,468 [Worker-20: Download sources and javadoc] INFO  o.e.m.j.internal.DownloadSourcesJob - Downloaded sources for org.eclipse.microprofile.fault-tolerance:microprofile-fault-tolerance-api:4.0
2022-04-07 13:08:41,474 [Worker-20: Download sources and javadoc] INFO  o.e.m.j.internal.DownloadSourcesJob - Downloaded sources for org.eclipse.microprofile.health:microprofile-health-api:4.0
2022-04-07 13:08:41,479 [Worker-20: Download sources and javadoc] INFO  o.e.m.j.internal.DownloadSourcesJob - Downloaded sources for org.eclipse.microprofile.metrics:microprofile-metrics-api:4.0
2022-04-07 13:08:41,483 [Worker-20: Download sources and javadoc] INFO  o.e.m.j.internal.DownloadSourcesJob - Downloaded sources for org.eclipse.microprofile.jwt:microprofile-jwt-auth-api:2.0
2022-04-07 13:08:41,490 [Worker-20: Download sources and javadoc] INFO  o.e.m.j.internal.DownloadSourcesJob - Downloaded sources for org.eclipse.microprofile.openapi:microprofile-openapi-api:3.0
2022-04-07 13:08:41,496 [Worker-20: Download sources and javadoc] INFO  o.e.m.j.internal.DownloadSourcesJob - Downloaded sources for org.eclipse.microprofile.rest.client:microprofile-rest-client-api:3.0
2022-04-07 13:08:41,502 [Worker-20: Download sources and javadoc] INFO  o.e.m.j.internal.DownloadSourcesJob - Downloaded sources for org.eclipse.microprofile.opentracing:microprofile-opentracing-api:3.0
2022-04-07 13:08:41,507 [Worker-20: Download sources and javadoc] INFO  o.e.m.j.internal.DownloadSourcesJob - Downloaded sources for jakarta.platform:jakarta.jakartaee-web-api:9.0.0
2022-04-07 13:08:41,728 [Worker-12: Building] INFO  o.e.m.c.i.embedder.EclipseLogger - Using 'UTF-8' encoding to copy filtered resources.
2022-04-07 13:08:41,728 [Worker-12: Building] INFO  o.e.m.c.i.embedder.EclipseLogger - skip non existing resourceDirectory C:\Users\Colin Stewart\Desktop\SUNY Ulster\Computer Science\Software Engineering Practices\libertyapp\src\main\resources
2022-04-07 13:08:41,731 [Worker-12: Building] INFO  o.e.m.c.i.embedder.EclipseLogger - Using 'UTF-8' encoding to copy filtered resources.
2022-04-07 13:08:41,731 [Worker-12: Building] INFO  o.e.m.c.i.embedder.EclipseLogger - skip non existing resourceDirectory C:\Users\Colin Stewart\Desktop\SUNY Ulster\Computer Science\Software Engineering Practices\libertyapp\src\test\resources
2022-04-12 16:27:33,314 [Worker-4: Loading available Gradle versions] INFO  o.e.b.c.i.u.g.PublishedGradleVersions - Gradle version information cache is out-of-date. Trying to update.
2022-04-12 18:21:22,112 [Worker-22: Building] INFO  o.e.m.c.i.embedder.EclipseLogger - Using 'UTF-8' encoding to copy filtered resources.
2022-04-12 18:21:22,114 [Worker-22: Building] INFO  o.e.m.c.i.embedder.EclipseLogger - skip non existing resourceDirectory C:\Users\Colin Stewart\Desktop\SUNY Ulster\Computer Science\Software Engineering Practices\libertyapp\src\main\resources
2022-04-12 18:21:22,117 [Worker-22: Building] INFO  o.e.m.c.i.embedder.EclipseLogger - Using 'UTF-8' encoding to copy filtered resources.
2022-04-12 18:21:22,117 [Worker-22: Building] INFO  o.e.m.c.i.embedder.EclipseLogger - skip non existing resourceDirectory C:\Users\Colin Stewart\Desktop\SUNY Ulster\Computer Science\Software Engineering Practices\libertyapp\src\test\resources
2022-04-18 19:43:58,946 [Worker-1: Loading available Gradle versions] INFO  o.e.b.c.i.u.g.PublishedGradleVersions - Gradle version information cache is out-of-date. Trying to update.
2022-04-18 19:46:59,461 [Worker-17: Building] INFO  o.e.m.c.i.embedder.EclipseLogger - Using 'UTF-8' encoding to copy filtered resources.
2022-04-18 19:46:59,462 [Worker-17: Building] INFO  o.e.m.c.i.embedder.EclipseLogger - skip non existing resourceDirectory C:\Users\Colin Stewart\Desktop\SUNY Ulster\Computer Science\Software Engineering Practices\libertyapp\src\main\resources
2022-04-18 19:46:59,464 [Worker-17: Building] INFO  o.e.m.c.i.embedder.EclipseLogger - Using 'UTF-8' encoding to copy filtered resources.
2022-04-18 19:46:59,464 [Worker-17: Building] INFO  o.e.m.c.i.embedder.EclipseLogger - skip non existing resourceDirectory C:\Users\Colin Stewart\Desktop\SUNY Ulster\Computer Science\Software Engineering Practices\libertyapp\src\test\resources
2022-04-18 19:47:55,572 [Start Help Server] INFO  org.eclipse.jetty.util.log - Logging initialized @252847ms to org.eclipse.jetty.util.log.Slf4jLog
2022-04-18 19:47:55,744 [Start Help Server] INFO  org.eclipse.jetty.server.Server - jetty-9.4.35.v20201120; built: 2020-11-27T20:36:51.615Z; git: bdc54f03a5e0a7e280fab27f55c3c75ee8da89fb; jvm 15.0.2+7-27
2022-04-18 19:47:55,762 [Start Help Server] INFO  org.eclipse.jetty.server.session - DefaultSessionIdManager workerName=node0
2022-04-18 19:47:55,762 [Start Help Server] INFO  org.eclipse.jetty.server.session - No SessionScavenger set, using defaults
2022-04-18 19:47:55,763 [Start Help Server] INFO  org.eclipse.jetty.server.session - node0 Scavenging every 600000ms
2022-04-18 19:47:55,796 [Start Help Server] INFO  o.e.j.server.handler.ContextHandler - Started o.e.j.s.ServletContextHandler@5909197c{/help,null,AVAILABLE}
2022-04-18 19:47:55,816 [Start Help Server] INFO  o.e.jetty.server.AbstractConnector - Started ServerConnector@387eacc2{HTTP/1.1, (http/1.1)}{127.0.0.1:53487}
2022-04-18 19:47:55,817 [Start Help Server] INFO  org.eclipse.jetty.server.Server - Started @253093ms
2022-04-18 19:47:55,817 [Start Help Server] INFO  org.eclipse.jetty.server.session - node0 Scavenging every 600000ms
2022-04-18 19:49:03,642 [Worker-0: Building] INFO  o.e.m.c.i.embedder.EclipseLogger - Using 'UTF-8' encoding to copy filtered resources.
2022-04-18 19:49:03,643 [Worker-0: Building] INFO  o.e.m.c.i.embedder.EclipseLogger - skip non existing resourceDirectory C:\Users\Colin Stewart\Desktop\SUNY Ulster\Computer Science\Software Engineering Practices\libertyapp\src\main\resources
2022-04-18 19:49:03,644 [Worker-0: Building] INFO  o.e.m.c.i.embedder.EclipseLogger - Using 'UTF-8' encoding to copy filtered resources.
2022-04-18 19:49:03,645 [Worker-0: Building] INFO  o.e.m.c.i.embedder.EclipseLogger - skip non existing resourceDirectory C:\Users\Colin Stewart\Desktop\SUNY Ulster\Computer Science\Software Engineering Practices\libertyapp\src\test\resources
2022-04-18 19:50:20,088 [Worker-20: Building] INFO  o.e.m.c.i.embedder.EclipseLogger - Using 'UTF-8' encoding to copy filtered resources.
2022-04-18 19:50:20,089 [Worker-20: Building] INFO  o.e.m.c.i.embedder.EclipseLogger - skip non existing resourceDirectory C:\Users\Colin Stewart\Desktop\SUNY Ulster\Computer Science\Software Engineering Practices\libertyapp\src\main\resources
2022-04-18 19:50:20,091 [Worker-20: Building] INFO  o.e.m.c.i.embedder.EclipseLogger - Using 'UTF-8' encoding to copy filtered resources.
2022-04-18 19:50:20,091 [Worker-20: Building] INFO  o.e.m.c.i.embedder.EclipseLogger - skip non existing resourceDirectory C:\Users\Colin Stewart\Desktop\SUNY Ulster\Computer Science\Software Engineering Practices\libertyapp\src\test\resources
2022-04-18 19:51:08,377 [Worker-0: Building] INFO  o.e.m.c.i.embedder.EclipseLogger - Using 'UTF-8' encoding to copy filtered resources.
2022-04-18 19:51:08,377 [Worker-0: Building] INFO  o.e.m.c.i.embedder.EclipseLogger - skip non existing resourceDirectory C:\Users\Colin Stewart\Desktop\SUNY Ulster\Computer Science\Software Engineering Practices\libertyapp\src\main\resources
2022-04-18 19:51:08,378 [Worker-0: Building] INFO  o.e.m.c.i.embedder.EclipseLogger - Using 'UTF-8' encoding to copy filtered resources.
2022-04-18 19:51:08,379 [Worker-0: Building] INFO  o.e.m.c.i.embedder.EclipseLogger - skip non existing resourceDirectory C:\Users\Colin Stewart\Desktop\SUNY Ulster\Computer Science\Software Engineering Practices\libertyapp\src\test\resources
2022-04-18 19:51:12,451 [Worker-22: Building] INFO  o.e.m.c.i.embedder.EclipseLogger - Using 'UTF-8' encoding to copy filtered resources.
2022-04-18 19:51:12,451 [Worker-22: Building] INFO  o.e.m.c.i.embedder.EclipseLogger - skip non existing resourceDirectory C:\Users\Colin Stewart\Desktop\SUNY Ulster\Computer Science\Software Engineering Practices\libertyapp\src\main\resources
2022-04-18 19:51:12,453 [Worker-22: Building] INFO  o.e.m.c.i.embedder.EclipseLogger - Using 'UTF-8' encoding to copy filtered resources.
2022-04-18 19:51:12,453 [Worker-22: Building] INFO  o.e.m.c.i.embedder.EclipseLogger - skip non existing resourceDirectory C:\Users\Colin Stewart\Desktop\SUNY Ulster\Computer Science\Software Engineering Practices\libertyapp\src\test\resources
2022-04-18 19:51:19,956 [Worker-17: Building] INFO  o.e.m.c.i.embedder.EclipseLogger - Using 'UTF-8' encoding to copy filtered resources.
2022-04-18 19:51:19,956 [Worker-17: Building] INFO  o.e.m.c.i.embedder.EclipseLogger - skip non existing resourceDirectory C:\Users\Colin Stewart\Desktop\SUNY Ulster\Computer Science\Software Engineering Practices\libertyapp\src\main\resources
2022-04-18 19:51:19,957 [Worker-17: Building] INFO  o.e.m.c.i.embedder.EclipseLogger - Using 'UTF-8' encoding to copy filtered resources.
2022-04-18 19:51:19,958 [Worker-17: Building] INFO  o.e.m.c.i.embedder.EclipseLogger - skip non existing resourceDirectory C:\Users\Colin Stewart\Desktop\SUNY Ulster\Computer Science\Software Engineering Practices\libertyapp\src\test\resources
2022-04-18 19:51:28,578 [Worker-0: Building] INFO  o.e.m.c.i.embedder.EclipseLogger - Using 'UTF-8' encoding to copy filtered resources.
2022-04-18 19:51:28,579 [Worker-0: Building] INFO  o.e.m.c.i.embedder.EclipseLogger - skip non existing resourceDirectory C:\Users\Colin Stewart\Desktop\SUNY Ulster\Computer Science\Software Engineering Practices\libertyapp\src\main\resources
2022-04-18 19:51:28,580 [Worker-0: Building] INFO  o.e.m.c.i.embedder.EclipseLogger - Using 'UTF-8' encoding to copy filtered resources.
2022-04-18 19:51:28,580 [Worker-0: Building] INFO  o.e.m.c.i.embedder.EclipseLogger - skip non existing resourceDirectory C:\Users\Colin Stewart\Desktop\SUNY Ulster\Computer Science\Software Engineering Practices\libertyapp\src\test\resources
2022-04-18 19:51:47,199 [Worker-17: Building] INFO  o.e.m.c.i.embedder.EclipseLogger - Using 'UTF-8' encoding to copy filtered resources.
2022-04-18 19:51:47,199 [Worker-17: Building] INFO  o.e.m.c.i.embedder.EclipseLogger - skip non existing resourceDirectory C:\Users\Colin Stewart\Desktop\SUNY Ulster\Computer Science\Software Engineering Practices\libertyapp\src\main\resources
2022-04-18 19:51:47,202 [Worker-17: Building] INFO  o.e.m.c.i.embedder.EclipseLogger - Using 'UTF-8' encoding to copy filtered resources.
2022-04-18 19:51:47,202 [Worker-17: Building] INFO  o.e.m.c.i.embedder.EclipseLogger - skip non existing resourceDirectory C:\Users\Colin Stewart\Desktop\SUNY Ulster\Computer Science\Software Engineering Practices\libertyapp\src\test\resources
2022-04-18 19:52:41,434 [Worker-22: Building] INFO  o.e.m.c.i.embedder.EclipseLogger - Using 'UTF-8' encoding to copy filtered resources.
2022-04-18 19:52:41,435 [Worker-22: Building] INFO  o.e.m.c.i.embedder.EclipseLogger - skip non existing resourceDirectory C:\Users\Colin Stewart\Desktop\SUNY Ulster\Computer Science\Software Engineering Practices\libertyapp\src\main\resources
2022-04-18 19:52:41,436 [Worker-22: Building] INFO  o.e.m.c.i.embedder.EclipseLogger - Using 'UTF-8' encoding to copy filtered resources.
2022-04-18 19:52:41,436 [Worker-22: Building] INFO  o.e.m.c.i.embedder.EclipseLogger - skip non existing resourceDirectory C:\Users\Colin Stewart\Desktop\SUNY Ulster\Computer Science\Software Engineering Practices\libertyapp\src\test\resources
2022-04-18 19:54:57,140 [Worker-25: Building] INFO  o.e.m.c.i.embedder.EclipseLogger - Using 'UTF-8' encoding to copy filtered resources.
2022-04-18 19:54:57,141 [Worker-25: Building] INFO  o.e.m.c.i.embedder.EclipseLogger - skip non existing resourceDirectory C:\Users\Colin Stewart\Desktop\SUNY Ulster\Computer Science\Software Engineering Practices\libertyapp\src\main\resources
2022-04-18 19:54:57,142 [Worker-25: Building] INFO  o.e.m.c.i.embedder.EclipseLogger - Using 'UTF-8' encoding to copy filtered resources.
2022-04-18 19:54:57,142 [Worker-25: Building] INFO  o.e.m.c.i.embedder.EclipseLogger - skip non existing resourceDirectory C:\Users\Colin Stewart\Desktop\SUNY Ulster\Computer Science\Software Engineering Practices\libertyapp\src\test\resources
2022-04-19 15:23:09,108 [Worker-1: Loading available Gradle versions] INFO  o.e.b.c.i.u.g.PublishedGradleVersions - Gradle version information cache is up-to-date. Trying to read.
2022-04-19 16:10:25,636 [Worker-11: Building] INFO  o.e.m.c.i.embedder.EclipseLogger - Using 'UTF-8' encoding to copy filtered resources.
2022-04-19 16:10:25,637 [Worker-11: Building] INFO  o.e.m.c.i.embedder.EclipseLogger - skip non existing resourceDirectory C:\Users\Colin Stewart\Desktop\SUNY Ulster\Computer Science\Software Engineering Practices\libertyapp\src\main\resources
2022-04-19 16:10:25,640 [Worker-11: Building] INFO  o.e.m.c.i.embedder.EclipseLogger - Using 'UTF-8' encoding to copy filtered resources.
2022-04-19 16:10:25,640 [Worker-11: Building] INFO  o.e.m.c.i.embedder.EclipseLogger - skip non existing resourceDirectory C:\Users\Colin Stewart\Desktop\SUNY Ulster\Computer Science\Software Engineering Practices\libertyapp\src\test\resources
